<?xml version="1.0" encoding="UTF-8"?>
<testsuite xmlns:xsi="http://www.w3.org/2001/XMLSchema-instance" xsi:noNamespaceSchemaLocation="https://maven.apache.org/surefire/maven-surefire-plugin/xsd/surefire-test-report-3.0.xsd" version="3.0" name="com.example.kafka.KafkaIntegrationTest" time="3.376" tests="1" errors="0" skipped="0" failures="0">
  <properties>
[...]
</properties>
  <testcase name="testSendAndReceiveMessage" classname="com.example.kafka.KafkaIntegrationTest" time="1.179">
    <system-out><![CDATA[21:10:28.329 [main] INFO org.springframework.test.context.support.AnnotationConfigContextLoaderUtils -- Could not detect default configuration classes for test class [com.example.kafka.KafkaIntegrationTest]: KafkaIntegrationTest does not declare any static, non-private, non-final, nested classes annotated with @Configuration.
21:10:28.368 [main] INFO org.springframework.boot.test.context.SpringBootTestContextBootstrapper -- Found @SpringBootConfiguration com.example.kafka.KafkaSpringBootAppApplication for test class com.example.kafka.KafkaIntegrationTest

  .   ____          _            __ _ _
 /\\ / ___'_ __ _ _(_)_ __  __ _ \ \ \ \
( ( )\___ | '_ | '_| | '_ \/ _` | \ \ \ \
 \\/  ___)| |_)| | | | | || (_| |  ) ) ) )
  '  |____| .__|_| |_|_| |_\__, | / / / /
 =========|_|==============|___/=/_/_/_/
 :: Spring Boot ::                (v3.2.0)

2025-08-27T21:10:28.613+05:30  INFO 79466 --- [           main] k.utils.Log4jControllerRegistration$     : Registered kafka:type=kafka.Log4jController MBean
2025-08-27T21:10:28.622+05:30  INFO 79466 --- [           main] org.apache.zookeeper.common.X509Util     : Setting -D jdk.tls.rejectClientInitiatedRenegotiation=true to disable client-initiated TLS renegotiation
2025-08-27T21:10:28.681+05:30  INFO 79466 --- [-kit-executor-1] kafka.server.ControllerServer            : Formatting /var/folders/br/mtzz913n1n9cg4xf5vkksggc0000gp/T/kafka-2800989459635874578/controller_0 with metadata.version 3.3-IV0.
2025-08-27T21:10:28.682+05:30  INFO 79466 --- [-kit-executor-3] kafka.server.BrokerServer                : [BrokerServer id=0] Transition from SHUTDOWN to STARTING
2025-08-27T21:10:28.682+05:30  INFO 79466 --- [-kit-executor-2] kafka.server.ControllerServer            : [ControllerServer id=0] Starting controller
2025-08-27T21:10:28.683+05:30  INFO 79466 --- [-kit-executor-3] kafka.server.SharedServer                : [SharedServer id=0] Starting SharedServer
2025-08-27T21:10:28.690+05:30  INFO 79466 --- [-kit-executor-2] o.a.k.s.network.EndpointReadyFutures     : authorizerStart completed for endpoint CONTROLLER. Endpoint is now READY.
2025-08-27T21:10:28.717+05:30  INFO 79466 --- [-kit-executor-3] kafka.log.UnifiedLog$                    : [LogLoader partition=__cluster_metadata-0, dir=/var/folders/br/mtzz913n1n9cg4xf5vkksggc0000gp/T/kafka-2800989459635874578/controller_0] Loading producer state till offset 0 with message format version 2
2025-08-27T21:10:28.717+05:30  INFO 79466 --- [-kit-executor-3] kafka.log.UnifiedLog$                    : [LogLoader partition=__cluster_metadata-0, dir=/var/folders/br/mtzz913n1n9cg4xf5vkksggc0000gp/T/kafka-2800989459635874578/controller_0] Reloading from producer snapshot and rebuilding producer state from offset 0
2025-08-27T21:10:28.717+05:30  INFO 79466 --- [-kit-executor-3] kafka.log.UnifiedLog$                    : [LogLoader partition=__cluster_metadata-0, dir=/var/folders/br/mtzz913n1n9cg4xf5vkksggc0000gp/T/kafka-2800989459635874578/controller_0] Producer state recovery took 0ms for snapshot load and 0ms for segment recovery from offset 0
2025-08-27T21:10:28.730+05:30  INFO 79466 --- [-kit-executor-3] kafka.raft.KafkaMetadataLog$             : Initialized snapshots with IDs SortedSet() from /var/folders/br/mtzz913n1n9cg4xf5vkksggc0000gp/T/kafka-2800989459635874578/controller_0/__cluster_metadata-0
2025-08-27T21:10:28.742+05:30  INFO 79466 --- [piration-reaper] ExpirationService$ExpiredOperationReaper : [raft-expiration-reaper]: Starting
2025-08-27T21:10:28.761+05:30  INFO 79466 --- [-kit-executor-3] org.apache.kafka.raft.QuorumState        : [RaftManager id=0] Completed transition to Unattached(epoch=0, voters=[0], electionTimeoutMs=1326) from null
2025-08-27T21:10:28.769+05:30  INFO 79466 --- [-kit-executor-3] org.apache.kafka.raft.QuorumState        : [RaftManager id=0] Completed transition to CandidateState(localId=0, epoch=1, retries=1, voteStates={0=GRANTED}, highWatermark=Optional.empty, electionTimeoutMs=1389) from Unattached(epoch=0, voters=[0], electionTimeoutMs=1326)
2025-08-27T21:10:28.775+05:30  INFO 79466 --- [-kit-executor-3] org.apache.kafka.raft.QuorumState        : [RaftManager id=0] Completed transition to Leader(localId=0, epoch=1, epochStartOffset=0, highWatermark=Optional.empty, voterStates={0=ReplicaState(nodeId=0, endOffset=Optional.empty, lastFetchTimestamp=-1, lastCaughtUpTimestamp=-1, hasAcknowledgedLeader=true)}) from CandidateState(localId=0, epoch=1, retries=1, voteStates={0=GRANTED}, highWatermark=Optional.empty, electionTimeoutMs=1389)
2025-08-27T21:10:28.791+05:30  INFO 79466 --- [-kit-executor-2] kafka.network.ConnectionQuotas           : Updated connection-accept-rate max connection creation rate to 2147483647
2025-08-27T21:10:28.816+05:30  INFO 79466 --- [-kit-executor-2] kafka.network.DataPlaneAcceptor          : Awaiting socket connections on localhost:63311.
2025-08-27T21:10:28.816+05:30  INFO 79466 --- [-kit-executor-2] kafka.network.DataPlaneAcceptor          : Opened wildcard endpoint localhost:63311
2025-08-27T21:10:28.822+05:30  INFO 79466 --- [-kit-executor-2] kafka.network.SocketServer               : [SocketServer listenerType=CONTROLLER, nodeId=0] Created data-plane acceptor and processors for endpoint : ListenerName(CONTROLLER)
2025-08-27T21:10:28.823+05:30  INFO 79466 --- [-request-thread] kafka.raft.RaftSendThread                : [kafka-0-raft-outbound-request-thread]: Starting
2025-08-27T21:10:28.824+05:30  INFO 79466 --- [-raft-io-thread] k.raft.KafkaRaftManager$RaftIoThread     : [kafka-0-raft-io-thread]: Starting
2025-08-27T21:10:28.829+05:30  INFO 79466 --- [-raft-io-thread] org.apache.kafka.raft.LeaderState        : [RaftManager id=0] High watermark set to LogOffsetMetadata(offset=1, metadata=Optional[(segmentBaseOffset=0,relativePositionInSegment=91)]) for the first time for epoch 1 based on indexOfHw 0 and voters [ReplicaState(nodeId=0, endOffset=Optional[LogOffsetMetadata(offset=1, metadata=Optional[(segmentBaseOffset=0,relativePositionInSegment=91)])], lastFetchTimestamp=-1, lastCaughtUpTimestamp=-1, hasAcknowledgedLeader=true)]
2025-08-27T21:10:28.830+05:30  INFO 79466 --- [r-event-handler] o.a.kafka.image.loader.MetadataLoader    : [MetadataLoader id=0] initializeNewPublishers: The loader is still catching up because we have loaded up to offset -1, but the high water mark is 1
2025-08-27T21:10:28.830+05:30  INFO 79466 --- [-kit-executor-3] kafka.server.BrokerServer                : [BrokerServer id=0] Starting broker
2025-08-27T21:10:28.831+05:30  INFO 79466 --- [-kit-executor-2] kafka.server.ControllerServer            : [ControllerServer id=0] Waiting for controller quorum voters future
2025-08-27T21:10:28.831+05:30  INFO 79466 --- [-kit-executor-2] kafka.server.ControllerServer            : [ControllerServer id=0] Finished waiting for controller quorum voters future
2025-08-27T21:10:28.836+05:30  INFO 79466 --- [-raft-io-thread] org.apache.kafka.raft.KafkaRaftClient    : [RaftManager id=0] Registered the listener org.apache.kafka.image.loader.MetadataLoader@1451048418
2025-08-27T21:10:28.837+05:30  INFO 79466 --- [nelReaper-Fetch] lientQuotaManager$ThrottledChannelReaper : [broker-0-ThrottledChannelReaper-Fetch]: Starting
2025-08-27T21:10:28.837+05:30  INFO 79466 --- [lReaper-Produce] lientQuotaManager$ThrottledChannelReaper : [broker-0-ThrottledChannelReaper-Produce]: Starting
2025-08-27T21:10:28.838+05:30  INFO 79466 --- [lReaper-Request] lientQuotaManager$ThrottledChannelReaper : [broker-0-ThrottledChannelReaper-Request]: Starting
2025-08-27T21:10:28.838+05:30  INFO 79466 --- [trollerMutation] lientQuotaManager$ThrottledChannelReaper : [broker-0-ThrottledChannelReaper-ControllerMutation]: Starting
2025-08-27T21:10:28.839+05:30  INFO 79466 --- [r-event-handler] o.a.kafka.image.loader.MetadataLoader    : [MetadataLoader id=0] maybePublishMetadata(LOG_DELTA): The loader is still catching up because we have not loaded a controller record as of offset 0 and high water mark is 1
2025-08-27T21:10:28.841+05:30  INFO 79466 --- [-kit-executor-2] o.a.kafka.controller.QuorumController    : [QuorumController id=0] Creating new QuorumController with clusterId 8XxXN6e2SZi9_KOQbkiGKw.
2025-08-27T21:10:28.842+05:30  INFO 79466 --- [-raft-io-thread] org.apache.kafka.raft.KafkaRaftClient    : [RaftManager id=0] Registered the listener org.apache.kafka.controller.QuorumController$QuorumMetaLogListener@1067840087
2025-08-27T21:10:28.842+05:30  INFO 79466 --- [nelReaper-Fetch] lientQuotaManager$ThrottledChannelReaper : [controller-0-ThrottledChannelReaper-Fetch]: Starting
2025-08-27T21:10:28.842+05:30  INFO 79466 --- [lReaper-Produce] lientQuotaManager$ThrottledChannelReaper : [controller-0-ThrottledChannelReaper-Produce]: Starting
2025-08-27T21:10:28.842+05:30  INFO 79466 --- [lReaper-Request] lientQuotaManager$ThrottledChannelReaper : [controller-0-ThrottledChannelReaper-Request]: Starting
2025-08-27T21:10:28.842+05:30  INFO 79466 --- [trollerMutation] lientQuotaManager$ThrottledChannelReaper : [controller-0-ThrottledChannelReaper-ControllerMutation]: Starting
2025-08-27T21:10:28.843+05:30  INFO 79466 --- [0-event-handler] o.a.kafka.controller.QuorumController    : [QuorumController id=0] Becoming the active controller at epoch 1, next write offset 1.
2025-08-27T21:10:28.843+05:30  INFO 79466 --- [-kit-executor-3] kafka.log.LogManager                     : Log directory /var/folders/br/mtzz913n1n9cg4xf5vkksggc0000gp/T/kafka-2800989459635874578/broker_0_data0 not found, creating it.
2025-08-27T21:10:28.844+05:30  WARN 79466 --- [0-event-handler] o.a.kafka.controller.QuorumController    : [QuorumController id=0] Performing controller activation. The metadata log appears to be empty. Appending 1 bootstrap record(s) in metadata transaction at metadata.version 3.6-IV2 from bootstrap source 'testkit'. Setting the ZK migration state to NONE since this is a de-novo KRaft cluster.
2025-08-27T21:10:28.845+05:30  INFO 79466 --- [0-event-handler] o.a.k.controller.OffsetControlManager    : [QuorumController id=0] Replayed BeginTransactionRecord(name='Bootstrap records') at offset 1.
2025-08-27T21:10:28.845+05:30  INFO 79466 --- [0-event-handler] o.a.k.controller.FeatureControlManager   : [QuorumController id=0] Replayed a FeatureLevelRecord setting metadata version to 3.6-IV2
2025-08-27T21:10:28.845+05:30  INFO 79466 --- [0-event-handler] o.a.k.controller.OffsetControlManager    : [QuorumController id=0] Replayed EndTransactionRecord() at offset 4.
2025-08-27T21:10:28.847+05:30  INFO 79466 --- [per-0-AlterAcls] perationPurgatory$ExpiredOperationReaper : [ExpirationReaper-0-AlterAcls]: Starting
2025-08-27T21:10:28.849+05:30  INFO 79466 --- [-kit-executor-3] kafka.server.BrokerServer                : [BrokerServer id=0] Waiting for controller quorum voters future
2025-08-27T21:10:28.849+05:30  INFO 79466 --- [-kit-executor-3] kafka.server.BrokerServer                : [BrokerServer id=0] Finished waiting for controller quorum voters future
2025-08-27T21:10:28.850+05:30  INFO 79466 --- [-kit-executor-2] kafka.server.ControllerServer            : [ControllerServer id=0] Waiting for the controller metadata publishers to be installed
2025-08-27T21:10:28.850+05:30  INFO 79466 --- [-kit-executor-2] kafka.server.ControllerServer            : [ControllerServer id=0] Finished waiting for the controller metadata publishers to be installed
2025-08-27T21:10:28.850+05:30  INFO 79466 --- [r-event-handler] o.a.kafka.image.loader.MetadataLoader    : [MetadataLoader id=0] initializeNewPublishers: The loader finished catching up to the current high water mark of 1
2025-08-27T21:10:28.850+05:30  INFO 79466 --- [-kit-executor-2] kafka.network.SocketServer               : [SocketServer listenerType=CONTROLLER, nodeId=0] Enabling request processing.
2025-08-27T21:10:28.851+05:30  INFO 79466 --- [-kit-executor-2] kafka.server.ControllerServer            : [ControllerServer id=0] Waiting for all of the authorizer futures to be completed
2025-08-27T21:10:28.851+05:30  INFO 79466 --- [-kit-executor-2] kafka.server.ControllerServer            : [ControllerServer id=0] Finished waiting for all of the authorizer futures to be completed
2025-08-27T21:10:28.851+05:30  INFO 79466 --- [-kit-executor-2] kafka.server.ControllerServer            : [ControllerServer id=0] Waiting for all of the SocketServer Acceptors to be started
2025-08-27T21:10:28.852+05:30  INFO 79466 --- [-kit-executor-2] kafka.server.ControllerServer            : [ControllerServer id=0] Finished waiting for all of the SocketServer Acceptors to be started
2025-08-27T21:10:28.851+05:30  INFO 79466 --- [channel-manager] k.s.BrokerToControllerRequestThread      : [broker-0-to-controller-forwarding-channel-manager]: Starting
2025-08-27T21:10:28.852+05:30  INFO 79466 --- [channel-manager] k.s.BrokerToControllerRequestThread      : [broker-0-to-controller-forwarding-channel-manager]: Recorded new controller, from now on will use node localhost:63311 (id: 0 rack: null)
2025-08-27T21:10:28.852+05:30  INFO 79466 --- [r-event-handler] o.a.kafka.image.loader.MetadataLoader    : [MetadataLoader id=0] InitializeNewPublishers: initializing SnapshotGenerator with a snapshot at offset 0
2025-08-27T21:10:28.855+05:30  INFO 79466 --- [r-event-handler] o.a.kafka.image.loader.MetadataLoader    : [MetadataLoader id=0] InitializeNewPublishers: initializing FeaturesPublisher with a snapshot at offset 0
2025-08-27T21:10:28.855+05:30  INFO 79466 --- [r-event-handler] o.a.kafka.image.loader.MetadataLoader    : [MetadataLoader id=0] InitializeNewPublishers: initializing DynamicConfigPublisher controller id=0 with a snapshot at offset 0
2025-08-27T21:10:28.855+05:30  INFO 79466 --- [r-event-handler] o.a.kafka.image.loader.MetadataLoader    : [MetadataLoader id=0] InitializeNewPublishers: initializing DynamicClientQuotaPublisher controller id=0 with a snapshot at offset 0
2025-08-27T21:10:28.855+05:30  INFO 79466 --- [r-event-handler] o.a.kafka.image.loader.MetadataLoader    : [MetadataLoader id=0] InitializeNewPublishers: initializing ScramPublisher controller id=0 with a snapshot at offset 0
2025-08-27T21:10:28.856+05:30  INFO 79466 --- [r-event-handler] o.a.kafka.image.loader.MetadataLoader    : [MetadataLoader id=0] InitializeNewPublishers: initializing DelegationTokenPublisher controller id=0 with a snapshot at offset 0
2025-08-27T21:10:28.856+05:30  INFO 79466 --- [r-event-handler] o.a.kafka.image.loader.MetadataLoader    : [MetadataLoader id=0] InitializeNewPublishers: initializing ControllerMetadataMetricsPublisher with a snapshot at offset 0
2025-08-27T21:10:28.856+05:30  INFO 79466 --- [r-event-handler] o.a.kafka.image.loader.MetadataLoader    : [MetadataLoader id=0] InitializeNewPublishers: initializing AclPublisher controller id=0 with a snapshot at offset 0
2025-08-27T21:10:28.862+05:30  INFO 79466 --- [-kit-executor-3] kafka.network.ConnectionQuotas           : Updated connection-accept-rate max connection creation rate to 2147483647
2025-08-27T21:10:28.862+05:30  INFO 79466 --- [-kit-executor-3] kafka.network.DataPlaneAcceptor          : Awaiting socket connections on localhost:63312.
2025-08-27T21:10:28.862+05:30  INFO 79466 --- [-kit-executor-3] kafka.network.DataPlaneAcceptor          : Opened wildcard endpoint localhost:63312
2025-08-27T21:10:28.863+05:30  INFO 79466 --- [-kit-executor-3] kafka.network.SocketServer               : [SocketServer listenerType=BROKER, nodeId=0] Created data-plane acceptor and processors for endpoint : ListenerName(EXTERNAL)
2025-08-27T21:10:28.865+05:30  INFO 79466 --- [channel-manager] k.s.BrokerToControllerRequestThread      : [broker-0-to-controller-alter-partition-channel-manager]: Starting
2025-08-27T21:10:28.865+05:30  INFO 79466 --- [channel-manager] k.s.BrokerToControllerRequestThread      : [broker-0-to-controller-alter-partition-channel-manager]: Recorded new controller, from now on will use node localhost:63311 (id: 0 rack: null)
2025-08-27T21:10:28.871+05:30  INFO 79466 --- [eaper-0-Produce] perationPurgatory$ExpiredOperationReaper : [ExpirationReaper-0-Produce]: Starting
2025-08-27T21:10:28.872+05:30  INFO 79466 --- [nReaper-0-Fetch] perationPurgatory$ExpiredOperationReaper : [ExpirationReaper-0-Fetch]: Starting
2025-08-27T21:10:28.872+05:30  INFO 79466 --- [0-DeleteRecords] perationPurgatory$ExpiredOperationReaper : [ExpirationReaper-0-DeleteRecords]: Starting
2025-08-27T21:10:28.873+05:30  INFO 79466 --- [r-0-ElectLeader] perationPurgatory$ExpiredOperationReaper : [ExpirationReaper-0-ElectLeader]: Starting
2025-08-27T21:10:28.873+05:30  INFO 79466 --- [r-0-RemoteFetch] perationPurgatory$ExpiredOperationReaper : [ExpirationReaper-0-RemoteFetch]: Starting
2025-08-27T21:10:28.879+05:30  INFO 79466 --- [per-0-Heartbeat] perationPurgatory$ExpiredOperationReaper : [ExpirationReaper-0-Heartbeat]: Starting
2025-08-27T21:10:28.879+05:30  INFO 79466 --- [per-0-Rebalance] perationPurgatory$ExpiredOperationReaper : [ExpirationReaper-0-Rebalance]: Starting
2025-08-27T21:10:28.890+05:30  INFO 79466 --- [channel-manager] k.s.BrokerToControllerRequestThread      : [broker-0-to-controller-heartbeat-channel-manager]: Starting
2025-08-27T21:10:28.890+05:30  INFO 79466 --- [channel-manager] k.s.BrokerToControllerRequestThread      : [broker-0-to-controller-heartbeat-channel-manager]: Recorded new controller, from now on will use node localhost:63311 (id: 0 rack: null)
2025-08-27T21:10:28.891+05:30  INFO 79466 --- [r-event-handler] kafka.server.BrokerLifecycleManager      : [BrokerLifecycleManager id=0] Incarnation V_J8PQHnQ52Nqzul1Pa2dA of broker 0 in cluster 8XxXN6e2SZi9_KOQbkiGKw is now STARTING.
2025-08-27T21:10:28.898+05:30  INFO 79466 --- [per-0-AlterAcls] perationPurgatory$ExpiredOperationReaper : [ExpirationReaper-0-AlterAcls]: Starting
2025-08-27T21:10:28.907+05:30  INFO 79466 --- [-kit-executor-3] kafka.server.BrokerServer                : [BrokerServer id=0] Waiting for the broker metadata publishers to be installed
2025-08-27T21:10:28.907+05:30  INFO 79466 --- [r-event-handler] o.a.kafka.image.loader.MetadataLoader    : [MetadataLoader id=0] InitializeNewPublishers: initializing BrokerMetadataPublisher with a snapshot at offset 4
2025-08-27T21:10:28.907+05:30  INFO 79466 --- [-kit-executor-3] kafka.server.BrokerServer                : [BrokerServer id=0] Finished waiting for the broker metadata publishers to be installed
2025-08-27T21:10:28.908+05:30  INFO 79466 --- [-kit-executor-3] kafka.server.BrokerServer                : [BrokerServer id=0] Waiting for the controller to acknowledge that we are caught up
2025-08-27T21:10:28.908+05:30  INFO 79466 --- [r-event-handler] k.s.metadata.BrokerMetadataPublisher     : [BrokerMetadataPublisher id=0] Publishing initial metadata at offset OffsetAndEpoch(offset=4, epoch=1) with metadata.version 3.6-IV2.
2025-08-27T21:10:28.908+05:30  INFO 79466 --- [r-event-handler] kafka.log.LogManager                     : Loading logs from log dirs ArraySeq(/var/folders/br/mtzz913n1n9cg4xf5vkksggc0000gp/T/kafka-2800989459635874578/broker_0_data0)
2025-08-27T21:10:28.910+05:30  INFO 79466 --- [r-event-handler] kafka.log.LogManager                     : No logs found to be loaded in /var/folders/br/mtzz913n1n9cg4xf5vkksggc0000gp/T/kafka-2800989459635874578/broker_0_data0
2025-08-27T21:10:28.915+05:30  INFO 79466 --- [r-event-handler] kafka.log.LogManager                     : Loaded 0 logs in 6ms
2025-08-27T21:10:28.915+05:30  INFO 79466 --- [r-event-handler] kafka.log.LogManager                     : Starting log cleanup with a period of 300000 ms.
2025-08-27T21:10:28.915+05:30  INFO 79466 --- [r-event-handler] kafka.log.LogManager                     : Starting log flusher with a default period of 9223372036854775807 ms.
2025-08-27T21:10:28.918+05:30  INFO 79466 --- [0-event-handler] o.a.k.controller.ClusterControlManager   : [QuorumController id=0] Replayed initial RegisterBrokerRecord for broker 0: RegisterBrokerRecord(brokerId=0, isMigratingZkBroker=false, incarnationId=V_J8PQHnQ52Nqzul1Pa2dA, brokerEpoch=5, endPoints=[BrokerEndpoint(name='EXTERNAL', host='localhost', port=63312, securityProtocol=0)], features=[BrokerFeature(name='metadata.version', minSupportedVersion=1, maxSupportedVersion=14)], rack=null, fenced=true, inControlledShutdown=false)
2025-08-27T21:10:28.919+05:30  INFO 79466 --- [r-event-handler] kafka.log.LogCleaner                     : Starting the log cleaner
2025-08-27T21:10:28.921+05:30  INFO 79466 --- [leaner-thread-0] kafka.log.LogCleaner$CleanerThread       : [kafka-log-cleaner-thread-0]: Starting
2025-08-27T21:10:28.921+05:30  INFO 79466 --- [rFailureHandler] k.s.ReplicaManager$LogDirFailureHandler  : [LogDirFailureHandler]: Starting
2025-08-27T21:10:28.922+05:30  INFO 79466 --- [nSenderThread-0] kafka.server.AddPartitionsToTxnManager   : [AddPartitionsToTxnSenderThread-0]: Starting
2025-08-27T21:10:28.922+05:30  INFO 79466 --- [r-event-handler] k.coordinator.group.GroupCoordinator     : [GroupCoordinator 0]: Starting up.
2025-08-27T21:10:28.923+05:30  INFO 79466 --- [r-event-handler] k.coordinator.group.GroupCoordinator     : [GroupCoordinator 0]: Startup complete.
2025-08-27T21:10:28.923+05:30  INFO 79466 --- [r-event-handler] k.c.transaction.TransactionCoordinator   : [TransactionCoordinator id=0] Starting up.
2025-08-27T21:10:28.923+05:30  INFO 79466 --- [r-event-handler] k.c.transaction.TransactionCoordinator   : [TransactionCoordinator id=0] Startup complete.
2025-08-27T21:10:28.923+05:30  INFO 79466 --- [rSenderThread-0] k.c.t.TransactionMarkerChannelManager    : [TxnMarkerSenderThread-0]: Starting
2025-08-27T21:10:28.923+05:30  INFO 79466 --- [r-event-handler] k.s.metadata.BrokerMetadataPublisher     : [BrokerMetadataPublisher id=0] Updating metadata.version to 14 at offset OffsetAndEpoch(offset=4, epoch=1).
2025-08-27T21:10:28.950+05:30  INFO 79466 --- [channel-manager] kafka.server.BrokerLifecycleManager      : [BrokerLifecycleManager id=0] Successfully registered broker 0 with broker epoch 5
2025-08-27T21:10:28.951+05:30  INFO 79466 --- [channel-manager] kafka.server.BrokerLifecycleManager      : [BrokerLifecycleManager id=0] The broker has caught up. Transitioning from STARTING to RECOVERY.
2025-08-27T21:10:28.952+05:30  INFO 79466 --- [-kit-executor-3] kafka.server.BrokerServer                : [BrokerServer id=0] Finished waiting for the controller to acknowledge that we are caught up
2025-08-27T21:10:28.952+05:30  INFO 79466 --- [-kit-executor-3] kafka.server.BrokerServer                : [BrokerServer id=0] Waiting for the initial broker metadata update to be published
2025-08-27T21:10:28.952+05:30  INFO 79466 --- [-kit-executor-3] kafka.server.BrokerServer                : [BrokerServer id=0] Finished waiting for the initial broker metadata update to be published
2025-08-27T21:10:28.952+05:30  INFO 79466 --- [-kit-executor-3] kafka.server.KafkaConfig                 : KafkaConfig values: 
	advertised.listeners = null
	alter.config.policy.class.name = null
	alter.log.dirs.replication.quota.window.num = 11
	alter.log.dirs.replication.quota.window.size.seconds = 1
	authorizer.class.name = 
	auto.create.topics.enable = true
	auto.include.jmx.reporter = true
	auto.leader.rebalance.enable = true
	background.threads = 10
	broker.heartbeat.interval.ms = 2000
	broker.id = 0
	broker.id.generation.enable = true
	broker.rack = null
	broker.session.timeout.ms = 9000
	client.quota.callback.class = null
	compression.type = producer
	connection.failed.authentication.delay.ms = 100
	connections.max.idle.ms = 600000
	connections.max.reauth.ms = 0
	control.plane.listener.name = null
	controlled.shutdown.enable = true
	controlled.shutdown.max.retries = 3
	controlled.shutdown.retry.backoff.ms = 5000
	controller.listener.names = CONTROLLER
	controller.quorum.append.linger.ms = 25
	controller.quorum.election.backoff.max.ms = 1000
	controller.quorum.election.timeout.ms = 1000
	controller.quorum.fetch.timeout.ms = 2000
	controller.quorum.request.timeout.ms = 2000
	controller.quorum.retry.backoff.ms = 20
	controller.quorum.voters = [0@0.0.0.0:0]
	controller.quota.window.num = 11
	controller.quota.window.size.seconds = 1
	controller.socket.timeout.ms = 30000
	create.topic.policy.class.name = null
	default.replication.factor = 1
	delegation.token.expiry.check.interval.ms = 3600000
	delegation.token.expiry.time.ms = 86400000
	delegation.token.master.key = null
	delegation.token.max.lifetime.ms = 604800000
	delegation.token.secret.key = null
	delete.records.purgatory.purge.interval.requests = 1
	delete.topic.enable = true
	early.start.listeners = null
	fetch.max.bytes = 57671680
	fetch.purgatory.purge.interval.requests = 1000
	group.consumer.assignors = [org.apache.kafka.coordinator.group.assignor.RangeAssignor]
	group.consumer.heartbeat.interval.ms = 5000
	group.consumer.max.heartbeat.interval.ms = 15000
	group.consumer.max.session.timeout.ms = 60000
	group.consumer.max.size = 2147483647
	group.consumer.min.heartbeat.interval.ms = 5000
	group.consumer.min.session.timeout.ms = 45000
	group.consumer.session.timeout.ms = 45000
	group.coordinator.new.enable = false
	group.coordinator.threads = 1
	group.initial.rebalance.delay.ms = 0
	group.max.session.timeout.ms = 1800000
	group.max.size = 2147483647
	group.min.session.timeout.ms = 6000
	initial.broker.registration.timeout.ms = 60000
	inter.broker.listener.name = EXTERNAL
	inter.broker.protocol.version = 3.6-IV2
	kafka.metrics.polling.interval.secs = 10
	kafka.metrics.reporters = []
	leader.imbalance.check.interval.seconds = 300
	leader.imbalance.per.broker.percentage = 10
	listener.security.protocol.map = EXTERNAL:PLAINTEXT,CONTROLLER:PLAINTEXT
	listeners = EXTERNAL://localhost:0,CONTROLLER://localhost:0
	log.cleaner.backoff.ms = 15000
	log.cleaner.dedupe.buffer.size = 2097152
	log.cleaner.delete.retention.ms = 86400000
	log.cleaner.enable = true
	log.cleaner.io.buffer.load.factor = 0.9
	log.cleaner.io.buffer.size = 524288
	log.cleaner.io.max.bytes.per.second = 1.7976931348623157E308
	log.cleaner.max.compaction.lag.ms = 9223372036854775807
	log.cleaner.min.cleanable.ratio = 0.5
	log.cleaner.min.compaction.lag.ms = 0
	log.cleaner.threads = 1
	log.cleanup.policy = [delete]
	log.dir = /tmp/kafka-logs
	log.dirs = /var/folders/br/mtzz913n1n9cg4xf5vkksggc0000gp/T/kafka-2800989459635874578/broker_0_data0
	log.flush.interval.messages = 9223372036854775807
	log.flush.interval.ms = null
	log.flush.offset.checkpoint.interval.ms = 60000
	log.flush.scheduler.interval.ms = 9223372036854775807
	log.flush.start.offset.checkpoint.interval.ms = 60000
	log.index.interval.bytes = 4096
	log.index.size.max.bytes = 10485760
	log.local.retention.bytes = -2
	log.local.retention.ms = -2
	log.message.downconversion.enable = true
	log.message.format.version = 3.0-IV1
	log.message.timestamp.after.max.ms = 9223372036854775807
	log.message.timestamp.before.max.ms = 9223372036854775807
	log.message.timestamp.difference.max.ms = 9223372036854775807
	log.message.timestamp.type = CreateTime
	log.preallocate = false
	log.retention.bytes = -1
	log.retention.check.interval.ms = 300000
	log.retention.hours = 168
	log.retention.minutes = null
	log.retention.ms = null
	log.roll.hours = 168
	log.roll.jitter.hours = 0
	log.roll.jitter.ms = null
	log.roll.ms = null
	log.segment.bytes = 1073741824
	log.segment.delete.delay.ms = 60000
	max.connection.creation.rate = 2147483647
	max.connections = 2147483647
	max.connections.per.ip = 2147483647
	max.connections.per.ip.overrides = 
	max.incremental.fetch.session.cache.slots = 1000
	message.max.bytes = 1048588
	metadata.log.dir = /var/folders/br/mtzz913n1n9cg4xf5vkksggc0000gp/T/kafka-2800989459635874578/controller_0
	metadata.log.max.record.bytes.between.snapshots = 20971520
	metadata.log.max.snapshot.interval.ms = 3600000
	metadata.log.segment.bytes = 1073741824
	metadata.log.segment.min.bytes = 8388608
	metadata.log.segment.ms = 604800000
	metadata.max.idle.interval.ms = 500
	metadata.max.retention.bytes = 104857600
	metadata.max.retention.ms = 604800000
	metric.reporters = []
	metrics.num.samples = 2
	metrics.recording.level = INFO
	metrics.sample.window.ms = 30000
	min.insync.replicas = 1
	node.id = 0
	num.io.threads = 8
	num.network.threads = 3
	num.partitions = 1
	num.recovery.threads.per.data.dir = 1
	num.replica.alter.log.dirs.threads = null
	num.replica.fetchers = 1
	offset.metadata.max.bytes = 4096
	offsets.commit.required.acks = -1
	offsets.commit.timeout.ms = 5000
	offsets.load.buffer.size = 5242880
	offsets.retention.check.interval.ms = 600000
	offsets.retention.minutes = 10080
	offsets.topic.compression.codec = 0
	offsets.topic.num.partitions = 50
	offsets.topic.replication.factor = 1
	offsets.topic.segment.bytes = 104857600
	password.encoder.cipher.algorithm = AES/CBC/PKCS5Padding
	password.encoder.iterations = 4096
	password.encoder.key.length = 128
	password.encoder.keyfactory.algorithm = null
	password.encoder.old.secret = null
	password.encoder.secret = null
	principal.builder.class = class org.apache.kafka.common.security.authenticator.DefaultKafkaPrincipalBuilder
	process.roles = [broker, controller]
	producer.id.expiration.check.interval.ms = 600000
	producer.id.expiration.ms = 86400000
	producer.purgatory.purge.interval.requests = 1000
	queued.max.request.bytes = -1
	queued.max.requests = 500
	quota.window.num = 11
	quota.window.size.seconds = 1
	remote.log.index.file.cache.total.size.bytes = 1073741824
	remote.log.manager.task.interval.ms = 30000
	remote.log.manager.task.retry.backoff.max.ms = 30000
	remote.log.manager.task.retry.backoff.ms = 500
	remote.log.manager.task.retry.jitter = 0.2
	remote.log.manager.thread.pool.size = 10
	remote.log.metadata.custom.metadata.max.bytes = 128
	remote.log.metadata.manager.class.name = org.apache.kafka.server.log.remote.metadata.storage.TopicBasedRemoteLogMetadataManager
	remote.log.metadata.manager.class.path = null
	remote.log.metadata.manager.impl.prefix = rlmm.config.
	remote.log.metadata.manager.listener.name = null
	remote.log.reader.max.pending.tasks = 100
	remote.log.reader.threads = 10
	remote.log.storage.manager.class.name = null
	remote.log.storage.manager.class.path = null
	remote.log.storage.manager.impl.prefix = rsm.config.
	remote.log.storage.system.enable = false
	replica.fetch.backoff.ms = 1000
	replica.fetch.max.bytes = 1048576
	replica.fetch.min.bytes = 1
	replica.fetch.response.max.bytes = 10485760
	replica.fetch.wait.max.ms = 500
	replica.high.watermark.checkpoint.interval.ms = 5000
	replica.lag.time.max.ms = 30000
	replica.selector.class = null
	replica.socket.receive.buffer.bytes = 65536
	replica.socket.timeout.ms = 30000
	replication.quota.window.num = 11
	replication.quota.window.size.seconds = 1
	request.timeout.ms = 30000
	reserved.broker.max.id = 1000
	sasl.client.callback.handler.class = null
	sasl.enabled.mechanisms = [GSSAPI]
	sasl.jaas.config = null
	sasl.kerberos.kinit.cmd = /usr/bin/kinit
	sasl.kerberos.min.time.before.relogin = 60000
	sasl.kerberos.principal.to.local.rules = [DEFAULT]
	sasl.kerberos.service.name = null
	sasl.kerberos.ticket.renew.jitter = 0.05
	sasl.kerberos.ticket.renew.window.factor = 0.8
	sasl.login.callback.handler.class = null
	sasl.login.class = null
	sasl.login.connect.timeout.ms = null
	sasl.login.read.timeout.ms = null
	sasl.login.refresh.buffer.seconds = 300
	sasl.login.refresh.min.period.seconds = 60
	sasl.login.refresh.window.factor = 0.8
	sasl.login.refresh.window.jitter = 0.05
	sasl.login.retry.backoff.max.ms = 10000
	sasl.login.retry.backoff.ms = 100
	sasl.mechanism.controller.protocol = GSSAPI
	sasl.mechanism.inter.broker.protocol = GSSAPI
	sasl.oauthbearer.clock.skew.seconds = 30
	sasl.oauthbearer.expected.audience = null
	sasl.oauthbearer.expected.issuer = null
	sasl.oauthbearer.jwks.endpoint.refresh.ms = 3600000
	sasl.oauthbearer.jwks.endpoint.retry.backoff.max.ms = 10000
	sasl.oauthbearer.jwks.endpoint.retry.backoff.ms = 100
	sasl.oauthbearer.jwks.endpoint.url = null
	sasl.oauthbearer.scope.claim.name = scope
	sasl.oauthbearer.sub.claim.name = sub
	sasl.oauthbearer.token.endpoint.url = null
	sasl.server.callback.handler.class = null
	sasl.server.max.receive.size = 524288
	security.inter.broker.protocol = PLAINTEXT
	security.providers = null
	server.max.startup.time.ms = 600000
	socket.connection.setup.timeout.max.ms = 30000
	socket.connection.setup.timeout.ms = 10000
	socket.listen.backlog.size = 50
	socket.receive.buffer.bytes = 102400
	socket.request.max.bytes = 104857600
	socket.send.buffer.bytes = 102400
	ssl.cipher.suites = []
	ssl.client.auth = none
	ssl.enabled.protocols = [TLSv1.2, TLSv1.3]
	ssl.endpoint.identification.algorithm = https
	ssl.engine.factory.class = null
	ssl.key.password = null
	ssl.keymanager.algorithm = SunX509
	ssl.keystore.certificate.chain = null
	ssl.keystore.key = null
	ssl.keystore.location = null
	ssl.keystore.password = null
	ssl.keystore.type = JKS
	ssl.principal.mapping.rules = DEFAULT
	ssl.protocol = TLSv1.3
	ssl.provider = null
	ssl.secure.random.implementation = null
	ssl.trustmanager.algorithm = PKIX
	ssl.truststore.certificates = null
	ssl.truststore.location = null
	ssl.truststore.password = null
	ssl.truststore.type = JKS
	transaction.abort.timed.out.transaction.cleanup.interval.ms = 10000
	transaction.max.timeout.ms = 900000
	transaction.partition.verification.enable = true
	transaction.remove.expired.transaction.cleanup.interval.ms = 3600000
	transaction.state.log.load.buffer.size = 5242880
	transaction.state.log.min.isr = 2
	transaction.state.log.num.partitions = 50
	transaction.state.log.replication.factor = 3
	transaction.state.log.segment.bytes = 104857600
	transactional.id.expiration.ms = 604800000
	unclean.leader.election.enable = false
	unstable.api.versions.enable = false
	zookeeper.clientCnxnSocket = null
	zookeeper.connect = null
	zookeeper.connection.timeout.ms = null
	zookeeper.max.in.flight.requests = 10
	zookeeper.metadata.migration.enable = false
	zookeeper.session.timeout.ms = 18000
	zookeeper.set.acl = false
	zookeeper.ssl.cipher.suites = null
	zookeeper.ssl.client.enable = false
	zookeeper.ssl.crl.enable = false
	zookeeper.ssl.enabled.protocols = null
	zookeeper.ssl.endpoint.identification.algorithm = HTTPS
	zookeeper.ssl.keystore.location = null
	zookeeper.ssl.keystore.password = null
	zookeeper.ssl.keystore.type = null
	zookeeper.ssl.ocsp.enable = false
	zookeeper.ssl.protocol = TLSv1.2
	zookeeper.ssl.truststore.location = null
	zookeeper.ssl.truststore.password = null
	zookeeper.ssl.truststore.type = null

2025-08-27T21:10:28.955+05:30  INFO 79466 --- [-kit-executor-3] kafka.server.BrokerServer                : [BrokerServer id=0] Waiting for the broker to be unfenced
2025-08-27T21:10:28.955+05:30  INFO 79466 --- [0-event-handler] o.a.k.controller.BrokerHeartbeatManager  : [QuorumController id=0] The request from broker 0 to unfence has been granted because it has caught up with the offset of its register broker record 5.
2025-08-27T21:10:28.957+05:30  INFO 79466 --- [0-event-handler] o.a.k.controller.ClusterControlManager   : [QuorumController id=0] Replayed BrokerRegistrationChangeRecord modifying the registration for broker 0: BrokerRegistrationChangeRecord(brokerId=0, brokerEpoch=5, fenced=-1, inControlledShutdown=0)
2025-08-27T21:10:28.988+05:30  INFO 79466 --- [channel-manager] kafka.server.BrokerLifecycleManager      : [BrokerLifecycleManager id=0] The broker has been unfenced. Transitioning from RECOVERY to RUNNING.
2025-08-27T21:10:28.988+05:30  INFO 79466 --- [-kit-executor-3] kafka.server.BrokerServer                : [BrokerServer id=0] Finished waiting for the broker to be unfenced
2025-08-27T21:10:28.989+05:30  INFO 79466 --- [-kit-executor-3] o.a.k.s.network.EndpointReadyFutures     : authorizerStart completed for endpoint EXTERNAL. Endpoint is now READY.
2025-08-27T21:10:28.989+05:30  INFO 79466 --- [-kit-executor-3] kafka.network.SocketServer               : [SocketServer listenerType=BROKER, nodeId=0] Enabling request processing.
2025-08-27T21:10:28.989+05:30  INFO 79466 --- [-kit-executor-3] kafka.server.BrokerServer                : [BrokerServer id=0] Waiting for all of the authorizer futures to be completed
2025-08-27T21:10:28.989+05:30  INFO 79466 --- [-kit-executor-3] kafka.server.BrokerServer                : [BrokerServer id=0] Finished waiting for all of the authorizer futures to be completed
2025-08-27T21:10:28.989+05:30  INFO 79466 --- [-kit-executor-3] kafka.server.BrokerServer                : [BrokerServer id=0] Waiting for all of the SocketServer Acceptors to be started
2025-08-27T21:10:28.989+05:30  INFO 79466 --- [-kit-executor-3] kafka.server.BrokerServer                : [BrokerServer id=0] Finished waiting for all of the SocketServer Acceptors to be started
2025-08-27T21:10:28.989+05:30  INFO 79466 --- [-kit-executor-3] kafka.server.BrokerServer                : [BrokerServer id=0] Transition from STARTING to STARTED
2025-08-27T21:10:28.993+05:30  INFO 79466 --- [           main] o.a.k.clients.admin.AdminClientConfig    : AdminClientConfig values: 
	auto.include.jmx.reporter = true
	bootstrap.servers = [localhost:63312]
	client.dns.lookup = use_all_dns_ips
	client.id = 
	connections.max.idle.ms = 300000
	default.api.timeout.ms = 60000
	metadata.max.age.ms = 300000
	metric.reporters = []
	metrics.num.samples = 2
	metrics.recording.level = INFO
	metrics.sample.window.ms = 30000
	receive.buffer.bytes = 65536
	reconnect.backoff.max.ms = 1000
	reconnect.backoff.ms = 50
	request.timeout.ms = 30000
	retries = 2147483647
	retry.backoff.ms = 100
	sasl.client.callback.handler.class = null
	sasl.jaas.config = null
	sasl.kerberos.kinit.cmd = /usr/bin/kinit
	sasl.kerberos.min.time.before.relogin = 60000
	sasl.kerberos.service.name = null
	sasl.kerberos.ticket.renew.jitter = 0.05
	sasl.kerberos.ticket.renew.window.factor = 0.8
	sasl.login.callback.handler.class = null
	sasl.login.class = null
	sasl.login.connect.timeout.ms = null
	sasl.login.read.timeout.ms = null
	sasl.login.refresh.buffer.seconds = 300
	sasl.login.refresh.min.period.seconds = 60
	sasl.login.refresh.window.factor = 0.8
	sasl.login.refresh.window.jitter = 0.05
	sasl.login.retry.backoff.max.ms = 10000
	sasl.login.retry.backoff.ms = 100
	sasl.mechanism = GSSAPI
	sasl.oauthbearer.clock.skew.seconds = 30
	sasl.oauthbearer.expected.audience = null
	sasl.oauthbearer.expected.issuer = null
	sasl.oauthbearer.jwks.endpoint.refresh.ms = 3600000
	sasl.oauthbearer.jwks.endpoint.retry.backoff.max.ms = 10000
	sasl.oauthbearer.jwks.endpoint.retry.backoff.ms = 100
	sasl.oauthbearer.jwks.endpoint.url = null
	sasl.oauthbearer.scope.claim.name = scope
	sasl.oauthbearer.sub.claim.name = sub
	sasl.oauthbearer.token.endpoint.url = null
	security.protocol = PLAINTEXT
	security.providers = null
	send.buffer.bytes = 131072
	socket.connection.setup.timeout.max.ms = 30000
	socket.connection.setup.timeout.ms = 10000
	ssl.cipher.suites = null
	ssl.enabled.protocols = [TLSv1.2, TLSv1.3]
	ssl.endpoint.identification.algorithm = https
	ssl.engine.factory.class = null
	ssl.key.password = null
	ssl.keymanager.algorithm = SunX509
	ssl.keystore.certificate.chain = null
	ssl.keystore.key = null
	ssl.keystore.location = null
	ssl.keystore.password = null
	ssl.keystore.type = JKS
	ssl.protocol = TLSv1.3
	ssl.provider = null
	ssl.secure.random.implementation = null
	ssl.trustmanager.algorithm = PKIX
	ssl.truststore.certificates = null
	ssl.truststore.location = null
	ssl.truststore.password = null
	ssl.truststore.type = JKS

2025-08-27T21:10:28.999+05:30  INFO 79466 --- [           main] o.a.kafka.common.utils.AppInfoParser     : Kafka version: 3.6.0
2025-08-27T21:10:28.999+05:30  INFO 79466 --- [           main] o.a.kafka.common.utils.AppInfoParser     : Kafka commitId: 60e845626d8a465a
2025-08-27T21:10:28.999+05:30  INFO 79466 --- [           main] o.a.kafka.common.utils.AppInfoParser     : Kafka startTimeMs: 1756309228999
2025-08-27T21:10:29.013+05:30  INFO 79466 --- [0-event-handler] o.a.k.c.ReplicationControlManager        : [QuorumController id=0] CreateTopics result(s): CreatableTopic(name='sample-topic', numPartitions=1, replicationFactor=1, assignments=[], configs=[]): SUCCESS
2025-08-27T21:10:29.013+05:30  INFO 79466 --- [0-event-handler] o.a.k.c.ReplicationControlManager        : [QuorumController id=0] Replayed TopicRecord for topic sample-topic with topic ID B3ETEcUES_612OcWA7PPzQ.
2025-08-27T21:10:29.014+05:30  INFO 79466 --- [0-event-handler] o.a.k.c.ReplicationControlManager        : [QuorumController id=0] Replayed PartitionRecord for new partition sample-topic-0 with topic ID B3ETEcUES_612OcWA7PPzQ and PartitionRegistration(replicas=[0], isr=[0], removingReplicas=[], addingReplicas=[], leader=0, leaderRecoveryState=RECOVERED, leaderEpoch=0, partitionEpoch=0).
2025-08-27T21:10:29.042+05:30  INFO 79466 --- [r-event-handler] state.change.logger                      : [Broker id=0] Transitioning 1 partition(s) to local leaders.
2025-08-27T21:10:29.042+05:30  INFO 79466 --- [r-event-handler] kafka.server.ReplicaFetcherManager       : [ReplicaFetcherManager on broker 0] Removed fetcher for partitions Set(sample-topic-0)
2025-08-27T21:10:29.043+05:30  INFO 79466 --- [r-event-handler] state.change.logger                      : [Broker id=0] Creating new partition sample-topic-0 with topic id B3ETEcUES_612OcWA7PPzQ.
2025-08-27T21:10:29.044+05:30  INFO 79466 --- [| adminclient-1] o.a.kafka.common.utils.AppInfoParser     : App info kafka.admin.client for adminclient-1 unregistered
2025-08-27T21:10:29.045+05:30  INFO 79466 --- [| adminclient-1] o.apache.kafka.common.metrics.Metrics    : Metrics scheduler closed
2025-08-27T21:10:29.045+05:30  INFO 79466 --- [| adminclient-1] o.apache.kafka.common.metrics.Metrics    : Closing reporter org.apache.kafka.common.metrics.JmxReporter
2025-08-27T21:10:29.045+05:30  INFO 79466 --- [| adminclient-1] o.apache.kafka.common.metrics.Metrics    : Metrics reporters closed
2025-08-27T21:10:29.048+05:30  INFO 79466 --- [           main] com.example.kafka.KafkaIntegrationTest   : Starting KafkaIntegrationTest using Java 17.0.8 with PID 79466 (started by ravikashyap in /Users/ravikashyap/kafka-spring-boot-app)
2025-08-27T21:10:29.048+05:30  INFO 79466 --- [           main] com.example.kafka.KafkaIntegrationTest   : No active profile set, falling back to 1 default profile: "default"
2025-08-27T21:10:29.049+05:30  INFO 79466 --- [r-event-handler] kafka.log.UnifiedLog$                    : [LogLoader partition=sample-topic-0, dir=/var/folders/br/mtzz913n1n9cg4xf5vkksggc0000gp/T/kafka-2800989459635874578/broker_0_data0] Loading producer state till offset 0 with message format version 2
2025-08-27T21:10:29.049+05:30  INFO 79466 --- [r-event-handler] kafka.log.LogManager                     : Created log for partition sample-topic-0 in /var/folders/br/mtzz913n1n9cg4xf5vkksggc0000gp/T/kafka-2800989459635874578/broker_0_data0/sample-topic-0 with properties {}
2025-08-27T21:10:29.050+05:30  INFO 79466 --- [r-event-handler] kafka.cluster.Partition                  : [Partition sample-topic-0 broker=0] No checkpointed highwatermark is found for partition sample-topic-0
2025-08-27T21:10:29.050+05:30  INFO 79466 --- [r-event-handler] kafka.cluster.Partition                  : [Partition sample-topic-0 broker=0] Log loaded for partition sample-topic-0 with initial high watermark 0
2025-08-27T21:10:29.051+05:30  INFO 79466 --- [r-event-handler] state.change.logger                      : [Broker id=0] Leader sample-topic-0 with topic id Some(B3ETEcUES_612OcWA7PPzQ) starts at leader epoch 0 from offset 0 with partition epoch 0, high watermark 0, ISR [0], adding replicas [] and removing replicas [] . Previous leader None and previous leader epoch was -1.
2025-08-27T21:10:29.431+05:30  INFO 79466 --- [           main] o.a.k.clients.consumer.ConsumerConfig    : ConsumerConfig values: 
	allow.auto.create.topics = true
	auto.commit.interval.ms = 5000
	auto.include.jmx.reporter = true
	auto.offset.reset = latest
	bootstrap.servers = [localhost:63312]
	check.crcs = true
	client.dns.lookup = use_all_dns_ips
	client.id = consumer-sample-group-1
	client.rack = 
	connections.max.idle.ms = 540000
	default.api.timeout.ms = 60000
	enable.auto.commit = false
	exclude.internal.topics = true
	fetch.max.bytes = 52428800
	fetch.max.wait.ms = 500
	fetch.min.bytes = 1
	group.id = sample-group
	group.instance.id = null
	heartbeat.interval.ms = 3000
	interceptor.classes = []
	internal.leave.group.on.close = true
	internal.throw.on.fetch.stable.offset.unsupported = false
	isolation.level = read_uncommitted
	key.deserializer = class org.apache.kafka.common.serialization.StringDeserializer
	max.partition.fetch.bytes = 1048576
	max.poll.interval.ms = 300000
	max.poll.records = 500
	metadata.max.age.ms = 300000
	metric.reporters = []
	metrics.num.samples = 2
	metrics.recording.level = INFO
	metrics.sample.window.ms = 30000
	partition.assignment.strategy = [class org.apache.kafka.clients.consumer.RangeAssignor, class org.apache.kafka.clients.consumer.CooperativeStickyAssignor]
	receive.buffer.bytes = 65536
	reconnect.backoff.max.ms = 1000
	reconnect.backoff.ms = 50
	request.timeout.ms = 30000
	retry.backoff.ms = 100
	sasl.client.callback.handler.class = null
	sasl.jaas.config = null
	sasl.kerberos.kinit.cmd = /usr/bin/kinit
	sasl.kerberos.min.time.before.relogin = 60000
	sasl.kerberos.service.name = null
	sasl.kerberos.ticket.renew.jitter = 0.05
	sasl.kerberos.ticket.renew.window.factor = 0.8
	sasl.login.callback.handler.class = null
	sasl.login.class = null
	sasl.login.connect.timeout.ms = null
	sasl.login.read.timeout.ms = null
	sasl.login.refresh.buffer.seconds = 300
	sasl.login.refresh.min.period.seconds = 60
	sasl.login.refresh.window.factor = 0.8
	sasl.login.refresh.window.jitter = 0.05
	sasl.login.retry.backoff.max.ms = 10000
	sasl.login.retry.backoff.ms = 100
	sasl.mechanism = GSSAPI
	sasl.oauthbearer.clock.skew.seconds = 30
	sasl.oauthbearer.expected.audience = null
	sasl.oauthbearer.expected.issuer = null
	sasl.oauthbearer.jwks.endpoint.refresh.ms = 3600000
	sasl.oauthbearer.jwks.endpoint.retry.backoff.max.ms = 10000
	sasl.oauthbearer.jwks.endpoint.retry.backoff.ms = 100
	sasl.oauthbearer.jwks.endpoint.url = null
	sasl.oauthbearer.scope.claim.name = scope
	sasl.oauthbearer.sub.claim.name = sub
	sasl.oauthbearer.token.endpoint.url = null
	security.protocol = PLAINTEXT
	security.providers = null
	send.buffer.bytes = 131072
	session.timeout.ms = 45000
	socket.connection.setup.timeout.max.ms = 30000
	socket.connection.setup.timeout.ms = 10000
	ssl.cipher.suites = null
	ssl.enabled.protocols = [TLSv1.2, TLSv1.3]
	ssl.endpoint.identification.algorithm = https
	ssl.engine.factory.class = null
	ssl.key.password = null
	ssl.keymanager.algorithm = SunX509
	ssl.keystore.certificate.chain = null
	ssl.keystore.key = null
	ssl.keystore.location = null
	ssl.keystore.password = null
	ssl.keystore.type = JKS
	ssl.protocol = TLSv1.3
	ssl.provider = null
	ssl.secure.random.implementation = null
	ssl.trustmanager.algorithm = PKIX
	ssl.truststore.certificates = null
	ssl.truststore.location = null
	ssl.truststore.password = null
	ssl.truststore.type = JKS
	value.deserializer = class org.apache.kafka.common.serialization.StringDeserializer

2025-08-27T21:10:29.442+05:30  INFO 79466 --- [           main] o.a.kafka.common.utils.AppInfoParser     : Kafka version: 3.6.0
2025-08-27T21:10:29.442+05:30  INFO 79466 --- [           main] o.a.kafka.common.utils.AppInfoParser     : Kafka commitId: 60e845626d8a465a
2025-08-27T21:10:29.442+05:30  INFO 79466 --- [           main] o.a.kafka.common.utils.AppInfoParser     : Kafka startTimeMs: 1756309229442
2025-08-27T21:10:29.442+05:30  INFO 79466 --- [           main] fkaConsumerFactory$ExtendedKafkaConsumer : [Consumer clientId=consumer-sample-group-1, groupId=sample-group] Subscribed to topic(s): sample-topic
2025-08-27T21:10:29.448+05:30  INFO 79466 --- [           main] com.example.kafka.KafkaIntegrationTest   : Started KafkaIntegrationTest in 1.042 seconds (process running for 1.483)
2025-08-27T21:10:29.451+05:30  INFO 79466 --- [quest-handler-7] k.s.DefaultAutoTopicCreationManager      : Sent auto-creation request for Set(__consumer_offsets) to the active controller.
2025-08-27T21:10:29.451+05:30  INFO 79466 --- [ntainer#0-0-C-1] org.apache.kafka.clients.Metadata        : [Consumer clientId=consumer-sample-group-1, groupId=sample-group] Cluster ID: 8XxXN6e2SZi9_KOQbkiGKw
2025-08-27T21:10:29.452+05:30  INFO 79466 --- [0-event-handler] o.a.k.c.ReplicationControlManager        : [QuorumController id=0] CreateTopics result(s): CreatableTopic(name='__consumer_offsets', numPartitions=50, replicationFactor=1, assignments=[], configs=[CreateableTopicConfig(name='compression.type', value='producer'), CreateableTopicConfig(name='cleanup.policy', value='compact'), CreateableTopicConfig(name='segment.bytes', value='104857600')]): SUCCESS
2025-08-27T21:10:29.452+05:30  INFO 79466 --- [0-event-handler] o.a.k.c.ReplicationControlManager        : [QuorumController id=0] Replayed TopicRecord for topic __consumer_offsets with topic ID YUjtDynoR2W5gYLYyDOdtw.
2025-08-27T21:10:29.452+05:30  INFO 79466 --- [0-event-handler] o.a.k.c.ConfigurationControlManager      : [QuorumController id=0] Replayed ConfigRecord for ConfigResource(type=TOPIC, name='__consumer_offsets') which set configuration compression.type to producer
2025-08-27T21:10:29.452+05:30  INFO 79466 --- [0-event-handler] o.a.k.c.ConfigurationControlManager      : [QuorumController id=0] Replayed ConfigRecord for ConfigResource(type=TOPIC, name='__consumer_offsets') which set configuration cleanup.policy to compact
2025-08-27T21:10:29.452+05:30  INFO 79466 --- [0-event-handler] o.a.k.c.ConfigurationControlManager      : [QuorumController id=0] Replayed ConfigRecord for ConfigResource(type=TOPIC, name='__consumer_offsets') which set configuration segment.bytes to 104857600
2025-08-27T21:10:29.452+05:30  INFO 79466 --- [0-event-handler] o.a.k.c.ReplicationControlManager        : [QuorumController id=0] Replayed PartitionRecord for new partition __consumer_offsets-0 with topic ID YUjtDynoR2W5gYLYyDOdtw and PartitionRegistration(replicas=[0], isr=[0], removingReplicas=[], addingReplicas=[], leader=0, leaderRecoveryState=RECOVERED, leaderEpoch=0, partitionEpoch=0).
2025-08-27T21:10:29.452+05:30  INFO 79466 --- [0-event-handler] o.a.k.c.ReplicationControlManager        : [QuorumController id=0] Replayed PartitionRecord for new partition __consumer_offsets-1 with topic ID YUjtDynoR2W5gYLYyDOdtw and PartitionRegistration(replicas=[0], isr=[0], removingReplicas=[], addingReplicas=[], leader=0, leaderRecoveryState=RECOVERED, leaderEpoch=0, partitionEpoch=0).
2025-08-27T21:10:29.452+05:30  INFO 79466 --- [0-event-handler] o.a.k.c.ReplicationControlManager        : [QuorumController id=0] Replayed PartitionRecord for new partition __consumer_offsets-2 with topic ID YUjtDynoR2W5gYLYyDOdtw and PartitionRegistration(replicas=[0], isr=[0], removingReplicas=[], addingReplicas=[], leader=0, leaderRecoveryState=RECOVERED, leaderEpoch=0, partitionEpoch=0).
2025-08-27T21:10:29.453+05:30  INFO 79466 --- [0-event-handler] o.a.k.c.ReplicationControlManager        : [QuorumController id=0] Replayed PartitionRecord for new partition __consumer_offsets-3 with topic ID YUjtDynoR2W5gYLYyDOdtw and PartitionRegistration(replicas=[0], isr=[0], removingReplicas=[], addingReplicas=[], leader=0, leaderRecoveryState=RECOVERED, leaderEpoch=0, partitionEpoch=0).
2025-08-27T21:10:29.453+05:30  INFO 79466 --- [0-event-handler] o.a.k.c.ReplicationControlManager        : [QuorumController id=0] Replayed PartitionRecord for new partition __consumer_offsets-4 with topic ID YUjtDynoR2W5gYLYyDOdtw and PartitionRegistration(replicas=[0], isr=[0], removingReplicas=[], addingReplicas=[], leader=0, leaderRecoveryState=RECOVERED, leaderEpoch=0, partitionEpoch=0).
2025-08-27T21:10:29.453+05:30  INFO 79466 --- [0-event-handler] o.a.k.c.ReplicationControlManager        : [QuorumController id=0] Replayed PartitionRecord for new partition __consumer_offsets-5 with topic ID YUjtDynoR2W5gYLYyDOdtw and PartitionRegistration(replicas=[0], isr=[0], removingReplicas=[], addingReplicas=[], leader=0, leaderRecoveryState=RECOVERED, leaderEpoch=0, partitionEpoch=0).
2025-08-27T21:10:29.453+05:30  INFO 79466 --- [0-event-handler] o.a.k.c.ReplicationControlManager        : [QuorumController id=0] Replayed PartitionRecord for new partition __consumer_offsets-6 with topic ID YUjtDynoR2W5gYLYyDOdtw and PartitionRegistration(replicas=[0], isr=[0], removingReplicas=[], addingReplicas=[], leader=0, leaderRecoveryState=RECOVERED, leaderEpoch=0, partitionEpoch=0).
2025-08-27T21:10:29.453+05:30  INFO 79466 --- [0-event-handler] o.a.k.c.ReplicationControlManager        : [QuorumController id=0] Replayed PartitionRecord for new partition __consumer_offsets-7 with topic ID YUjtDynoR2W5gYLYyDOdtw and PartitionRegistration(replicas=[0], isr=[0], removingReplicas=[], addingReplicas=[], leader=0, leaderRecoveryState=RECOVERED, leaderEpoch=0, partitionEpoch=0).
2025-08-27T21:10:29.453+05:30  INFO 79466 --- [0-event-handler] o.a.k.c.ReplicationControlManager        : [QuorumController id=0] Replayed PartitionRecord for new partition __consumer_offsets-8 with topic ID YUjtDynoR2W5gYLYyDOdtw and PartitionRegistration(replicas=[0], isr=[0], removingReplicas=[], addingReplicas=[], leader=0, leaderRecoveryState=RECOVERED, leaderEpoch=0, partitionEpoch=0).
2025-08-27T21:10:29.453+05:30  INFO 79466 --- [0-event-handler] o.a.k.c.ReplicationControlManager        : [QuorumController id=0] Replayed PartitionRecord for new partition __consumer_offsets-9 with topic ID YUjtDynoR2W5gYLYyDOdtw and PartitionRegistration(replicas=[0], isr=[0], removingReplicas=[], addingReplicas=[], leader=0, leaderRecoveryState=RECOVERED, leaderEpoch=0, partitionEpoch=0).
2025-08-27T21:10:29.453+05:30  INFO 79466 --- [0-event-handler] o.a.k.c.ReplicationControlManager        : [QuorumController id=0] Replayed PartitionRecord for new partition __consumer_offsets-10 with topic ID YUjtDynoR2W5gYLYyDOdtw and PartitionRegistration(replicas=[0], isr=[0], removingReplicas=[], addingReplicas=[], leader=0, leaderRecoveryState=RECOVERED, leaderEpoch=0, partitionEpoch=0).
2025-08-27T21:10:29.453+05:30  INFO 79466 --- [0-event-handler] o.a.k.c.ReplicationControlManager        : [QuorumController id=0] Replayed PartitionRecord for new partition __consumer_offsets-11 with topic ID YUjtDynoR2W5gYLYyDOdtw and PartitionRegistration(replicas=[0], isr=[0], removingReplicas=[], addingReplicas=[], leader=0, leaderRecoveryState=RECOVERED, leaderEpoch=0, partitionEpoch=0).
2025-08-27T21:10:29.453+05:30  INFO 79466 --- [0-event-handler] o.a.k.c.ReplicationControlManager        : [QuorumController id=0] Replayed PartitionRecord for new partition __consumer_offsets-12 with topic ID YUjtDynoR2W5gYLYyDOdtw and PartitionRegistration(replicas=[0], isr=[0], removingReplicas=[], addingReplicas=[], leader=0, leaderRecoveryState=RECOVERED, leaderEpoch=0, partitionEpoch=0).
2025-08-27T21:10:29.453+05:30  INFO 79466 --- [0-event-handler] o.a.k.c.ReplicationControlManager        : [QuorumController id=0] Replayed PartitionRecord for new partition __consumer_offsets-13 with topic ID YUjtDynoR2W5gYLYyDOdtw and PartitionRegistration(replicas=[0], isr=[0], removingReplicas=[], addingReplicas=[], leader=0, leaderRecoveryState=RECOVERED, leaderEpoch=0, partitionEpoch=0).
2025-08-27T21:10:29.453+05:30  INFO 79466 --- [0-event-handler] o.a.k.c.ReplicationControlManager        : [QuorumController id=0] Replayed PartitionRecord for new partition __consumer_offsets-14 with topic ID YUjtDynoR2W5gYLYyDOdtw and PartitionRegistration(replicas=[0], isr=[0], removingReplicas=[], addingReplicas=[], leader=0, leaderRecoveryState=RECOVERED, leaderEpoch=0, partitionEpoch=0).
2025-08-27T21:10:29.453+05:30  INFO 79466 --- [0-event-handler] o.a.k.c.ReplicationControlManager        : [QuorumController id=0] Replayed PartitionRecord for new partition __consumer_offsets-15 with topic ID YUjtDynoR2W5gYLYyDOdtw and PartitionRegistration(replicas=[0], isr=[0], removingReplicas=[], addingReplicas=[], leader=0, leaderRecoveryState=RECOVERED, leaderEpoch=0, partitionEpoch=0).
2025-08-27T21:10:29.453+05:30  INFO 79466 --- [0-event-handler] o.a.k.c.ReplicationControlManager        : [QuorumController id=0] Replayed PartitionRecord for new partition __consumer_offsets-16 with topic ID YUjtDynoR2W5gYLYyDOdtw and PartitionRegistration(replicas=[0], isr=[0], removingReplicas=[], addingReplicas=[], leader=0, leaderRecoveryState=RECOVERED, leaderEpoch=0, partitionEpoch=0).
2025-08-27T21:10:29.453+05:30  INFO 79466 --- [0-event-handler] o.a.k.c.ReplicationControlManager        : [QuorumController id=0] Replayed PartitionRecord for new partition __consumer_offsets-17 with topic ID YUjtDynoR2W5gYLYyDOdtw and PartitionRegistration(replicas=[0], isr=[0], removingReplicas=[], addingReplicas=[], leader=0, leaderRecoveryState=RECOVERED, leaderEpoch=0, partitionEpoch=0).
2025-08-27T21:10:29.453+05:30  INFO 79466 --- [0-event-handler] o.a.k.c.ReplicationControlManager        : [QuorumController id=0] Replayed PartitionRecord for new partition __consumer_offsets-18 with topic ID YUjtDynoR2W5gYLYyDOdtw and PartitionRegistration(replicas=[0], isr=[0], removingReplicas=[], addingReplicas=[], leader=0, leaderRecoveryState=RECOVERED, leaderEpoch=0, partitionEpoch=0).
2025-08-27T21:10:29.453+05:30  INFO 79466 --- [0-event-handler] o.a.k.c.ReplicationControlManager        : [QuorumController id=0] Replayed PartitionRecord for new partition __consumer_offsets-19 with topic ID YUjtDynoR2W5gYLYyDOdtw and PartitionRegistration(replicas=[0], isr=[0], removingReplicas=[], addingReplicas=[], leader=0, leaderRecoveryState=RECOVERED, leaderEpoch=0, partitionEpoch=0).
2025-08-27T21:10:29.453+05:30  INFO 79466 --- [0-event-handler] o.a.k.c.ReplicationControlManager        : [QuorumController id=0] Replayed PartitionRecord for new partition __consumer_offsets-20 with topic ID YUjtDynoR2W5gYLYyDOdtw and PartitionRegistration(replicas=[0], isr=[0], removingReplicas=[], addingReplicas=[], leader=0, leaderRecoveryState=RECOVERED, leaderEpoch=0, partitionEpoch=0).
2025-08-27T21:10:29.453+05:30  INFO 79466 --- [0-event-handler] o.a.k.c.ReplicationControlManager        : [QuorumController id=0] Replayed PartitionRecord for new partition __consumer_offsets-21 with topic ID YUjtDynoR2W5gYLYyDOdtw and PartitionRegistration(replicas=[0], isr=[0], removingReplicas=[], addingReplicas=[], leader=0, leaderRecoveryState=RECOVERED, leaderEpoch=0, partitionEpoch=0).
2025-08-27T21:10:29.453+05:30  INFO 79466 --- [0-event-handler] o.a.k.c.ReplicationControlManager        : [QuorumController id=0] Replayed PartitionRecord for new partition __consumer_offsets-22 with topic ID YUjtDynoR2W5gYLYyDOdtw and PartitionRegistration(replicas=[0], isr=[0], removingReplicas=[], addingReplicas=[], leader=0, leaderRecoveryState=RECOVERED, leaderEpoch=0, partitionEpoch=0).
2025-08-27T21:10:29.453+05:30  INFO 79466 --- [0-event-handler] o.a.k.c.ReplicationControlManager        : [QuorumController id=0] Replayed PartitionRecord for new partition __consumer_offsets-23 with topic ID YUjtDynoR2W5gYLYyDOdtw and PartitionRegistration(replicas=[0], isr=[0], removingReplicas=[], addingReplicas=[], leader=0, leaderRecoveryState=RECOVERED, leaderEpoch=0, partitionEpoch=0).
2025-08-27T21:10:29.453+05:30  INFO 79466 --- [0-event-handler] o.a.k.c.ReplicationControlManager        : [QuorumController id=0] Replayed PartitionRecord for new partition __consumer_offsets-24 with topic ID YUjtDynoR2W5gYLYyDOdtw and PartitionRegistration(replicas=[0], isr=[0], removingReplicas=[], addingReplicas=[], leader=0, leaderRecoveryState=RECOVERED, leaderEpoch=0, partitionEpoch=0).
2025-08-27T21:10:29.453+05:30  INFO 79466 --- [0-event-handler] o.a.k.c.ReplicationControlManager        : [QuorumController id=0] Replayed PartitionRecord for new partition __consumer_offsets-25 with topic ID YUjtDynoR2W5gYLYyDOdtw and PartitionRegistration(replicas=[0], isr=[0], removingReplicas=[], addingReplicas=[], leader=0, leaderRecoveryState=RECOVERED, leaderEpoch=0, partitionEpoch=0).
2025-08-27T21:10:29.453+05:30  INFO 79466 --- [0-event-handler] o.a.k.c.ReplicationControlManager        : [QuorumController id=0] Replayed PartitionRecord for new partition __consumer_offsets-26 with topic ID YUjtDynoR2W5gYLYyDOdtw and PartitionRegistration(replicas=[0], isr=[0], removingReplicas=[], addingReplicas=[], leader=0, leaderRecoveryState=RECOVERED, leaderEpoch=0, partitionEpoch=0).
2025-08-27T21:10:29.453+05:30  INFO 79466 --- [0-event-handler] o.a.k.c.ReplicationControlManager        : [QuorumController id=0] Replayed PartitionRecord for new partition __consumer_offsets-27 with topic ID YUjtDynoR2W5gYLYyDOdtw and PartitionRegistration(replicas=[0], isr=[0], removingReplicas=[], addingReplicas=[], leader=0, leaderRecoveryState=RECOVERED, leaderEpoch=0, partitionEpoch=0).
2025-08-27T21:10:29.453+05:30  INFO 79466 --- [0-event-handler] o.a.k.c.ReplicationControlManager        : [QuorumController id=0] Replayed PartitionRecord for new partition __consumer_offsets-28 with topic ID YUjtDynoR2W5gYLYyDOdtw and PartitionRegistration(replicas=[0], isr=[0], removingReplicas=[], addingReplicas=[], leader=0, leaderRecoveryState=RECOVERED, leaderEpoch=0, partitionEpoch=0).
2025-08-27T21:10:29.453+05:30  INFO 79466 --- [0-event-handler] o.a.k.c.ReplicationControlManager        : [QuorumController id=0] Replayed PartitionRecord for new partition __consumer_offsets-29 with topic ID YUjtDynoR2W5gYLYyDOdtw and PartitionRegistration(replicas=[0], isr=[0], removingReplicas=[], addingReplicas=[], leader=0, leaderRecoveryState=RECOVERED, leaderEpoch=0, partitionEpoch=0).
2025-08-27T21:10:29.454+05:30  INFO 79466 --- [0-event-handler] o.a.k.c.ReplicationControlManager        : [QuorumController id=0] Replayed PartitionRecord for new partition __consumer_offsets-30 with topic ID YUjtDynoR2W5gYLYyDOdtw and PartitionRegistration(replicas=[0], isr=[0], removingReplicas=[], addingReplicas=[], leader=0, leaderRecoveryState=RECOVERED, leaderEpoch=0, partitionEpoch=0).
2025-08-27T21:10:29.454+05:30  INFO 79466 --- [0-event-handler] o.a.k.c.ReplicationControlManager        : [QuorumController id=0] Replayed PartitionRecord for new partition __consumer_offsets-31 with topic ID YUjtDynoR2W5gYLYyDOdtw and PartitionRegistration(replicas=[0], isr=[0], removingReplicas=[], addingReplicas=[], leader=0, leaderRecoveryState=RECOVERED, leaderEpoch=0, partitionEpoch=0).
2025-08-27T21:10:29.454+05:30  INFO 79466 --- [0-event-handler] o.a.k.c.ReplicationControlManager        : [QuorumController id=0] Replayed PartitionRecord for new partition __consumer_offsets-32 with topic ID YUjtDynoR2W5gYLYyDOdtw and PartitionRegistration(replicas=[0], isr=[0], removingReplicas=[], addingReplicas=[], leader=0, leaderRecoveryState=RECOVERED, leaderEpoch=0, partitionEpoch=0).
2025-08-27T21:10:29.454+05:30  INFO 79466 --- [0-event-handler] o.a.k.c.ReplicationControlManager        : [QuorumController id=0] Replayed PartitionRecord for new partition __consumer_offsets-33 with topic ID YUjtDynoR2W5gYLYyDOdtw and PartitionRegistration(replicas=[0], isr=[0], removingReplicas=[], addingReplicas=[], leader=0, leaderRecoveryState=RECOVERED, leaderEpoch=0, partitionEpoch=0).
2025-08-27T21:10:29.454+05:30  INFO 79466 --- [0-event-handler] o.a.k.c.ReplicationControlManager        : [QuorumController id=0] Replayed PartitionRecord for new partition __consumer_offsets-34 with topic ID YUjtDynoR2W5gYLYyDOdtw and PartitionRegistration(replicas=[0], isr=[0], removingReplicas=[], addingReplicas=[], leader=0, leaderRecoveryState=RECOVERED, leaderEpoch=0, partitionEpoch=0).
2025-08-27T21:10:29.454+05:30  INFO 79466 --- [0-event-handler] o.a.k.c.ReplicationControlManager        : [QuorumController id=0] Replayed PartitionRecord for new partition __consumer_offsets-35 with topic ID YUjtDynoR2W5gYLYyDOdtw and PartitionRegistration(replicas=[0], isr=[0], removingReplicas=[], addingReplicas=[], leader=0, leaderRecoveryState=RECOVERED, leaderEpoch=0, partitionEpoch=0).
2025-08-27T21:10:29.454+05:30  INFO 79466 --- [0-event-handler] o.a.k.c.ReplicationControlManager        : [QuorumController id=0] Replayed PartitionRecord for new partition __consumer_offsets-36 with topic ID YUjtDynoR2W5gYLYyDOdtw and PartitionRegistration(replicas=[0], isr=[0], removingReplicas=[], addingReplicas=[], leader=0, leaderRecoveryState=RECOVERED, leaderEpoch=0, partitionEpoch=0).
2025-08-27T21:10:29.454+05:30  INFO 79466 --- [0-event-handler] o.a.k.c.ReplicationControlManager        : [QuorumController id=0] Replayed PartitionRecord for new partition __consumer_offsets-37 with topic ID YUjtDynoR2W5gYLYyDOdtw and PartitionRegistration(replicas=[0], isr=[0], removingReplicas=[], addingReplicas=[], leader=0, leaderRecoveryState=RECOVERED, leaderEpoch=0, partitionEpoch=0).
2025-08-27T21:10:29.454+05:30  INFO 79466 --- [0-event-handler] o.a.k.c.ReplicationControlManager        : [QuorumController id=0] Replayed PartitionRecord for new partition __consumer_offsets-38 with topic ID YUjtDynoR2W5gYLYyDOdtw and PartitionRegistration(replicas=[0], isr=[0], removingReplicas=[], addingReplicas=[], leader=0, leaderRecoveryState=RECOVERED, leaderEpoch=0, partitionEpoch=0).
2025-08-27T21:10:29.454+05:30  INFO 79466 --- [0-event-handler] o.a.k.c.ReplicationControlManager        : [QuorumController id=0] Replayed PartitionRecord for new partition __consumer_offsets-39 with topic ID YUjtDynoR2W5gYLYyDOdtw and PartitionRegistration(replicas=[0], isr=[0], removingReplicas=[], addingReplicas=[], leader=0, leaderRecoveryState=RECOVERED, leaderEpoch=0, partitionEpoch=0).
2025-08-27T21:10:29.454+05:30  INFO 79466 --- [0-event-handler] o.a.k.c.ReplicationControlManager        : [QuorumController id=0] Replayed PartitionRecord for new partition __consumer_offsets-40 with topic ID YUjtDynoR2W5gYLYyDOdtw and PartitionRegistration(replicas=[0], isr=[0], removingReplicas=[], addingReplicas=[], leader=0, leaderRecoveryState=RECOVERED, leaderEpoch=0, partitionEpoch=0).
2025-08-27T21:10:29.454+05:30  INFO 79466 --- [0-event-handler] o.a.k.c.ReplicationControlManager        : [QuorumController id=0] Replayed PartitionRecord for new partition __consumer_offsets-41 with topic ID YUjtDynoR2W5gYLYyDOdtw and PartitionRegistration(replicas=[0], isr=[0], removingReplicas=[], addingReplicas=[], leader=0, leaderRecoveryState=RECOVERED, leaderEpoch=0, partitionEpoch=0).
2025-08-27T21:10:29.454+05:30  INFO 79466 --- [0-event-handler] o.a.k.c.ReplicationControlManager        : [QuorumController id=0] Replayed PartitionRecord for new partition __consumer_offsets-42 with topic ID YUjtDynoR2W5gYLYyDOdtw and PartitionRegistration(replicas=[0], isr=[0], removingReplicas=[], addingReplicas=[], leader=0, leaderRecoveryState=RECOVERED, leaderEpoch=0, partitionEpoch=0).
2025-08-27T21:10:29.454+05:30  INFO 79466 --- [0-event-handler] o.a.k.c.ReplicationControlManager        : [QuorumController id=0] Replayed PartitionRecord for new partition __consumer_offsets-43 with topic ID YUjtDynoR2W5gYLYyDOdtw and PartitionRegistration(replicas=[0], isr=[0], removingReplicas=[], addingReplicas=[], leader=0, leaderRecoveryState=RECOVERED, leaderEpoch=0, partitionEpoch=0).
2025-08-27T21:10:29.454+05:30  INFO 79466 --- [0-event-handler] o.a.k.c.ReplicationControlManager        : [QuorumController id=0] Replayed PartitionRecord for new partition __consumer_offsets-44 with topic ID YUjtDynoR2W5gYLYyDOdtw and PartitionRegistration(replicas=[0], isr=[0], removingReplicas=[], addingReplicas=[], leader=0, leaderRecoveryState=RECOVERED, leaderEpoch=0, partitionEpoch=0).
2025-08-27T21:10:29.454+05:30  INFO 79466 --- [0-event-handler] o.a.k.c.ReplicationControlManager        : [QuorumController id=0] Replayed PartitionRecord for new partition __consumer_offsets-45 with topic ID YUjtDynoR2W5gYLYyDOdtw and PartitionRegistration(replicas=[0], isr=[0], removingReplicas=[], addingReplicas=[], leader=0, leaderRecoveryState=RECOVERED, leaderEpoch=0, partitionEpoch=0).
2025-08-27T21:10:29.454+05:30  INFO 79466 --- [0-event-handler] o.a.k.c.ReplicationControlManager        : [QuorumController id=0] Replayed PartitionRecord for new partition __consumer_offsets-46 with topic ID YUjtDynoR2W5gYLYyDOdtw and PartitionRegistration(replicas=[0], isr=[0], removingReplicas=[], addingReplicas=[], leader=0, leaderRecoveryState=RECOVERED, leaderEpoch=0, partitionEpoch=0).
2025-08-27T21:10:29.454+05:30  INFO 79466 --- [0-event-handler] o.a.k.c.ReplicationControlManager        : [QuorumController id=0] Replayed PartitionRecord for new partition __consumer_offsets-47 with topic ID YUjtDynoR2W5gYLYyDOdtw and PartitionRegistration(replicas=[0], isr=[0], removingReplicas=[], addingReplicas=[], leader=0, leaderRecoveryState=RECOVERED, leaderEpoch=0, partitionEpoch=0).
2025-08-27T21:10:29.454+05:30  INFO 79466 --- [0-event-handler] o.a.k.c.ReplicationControlManager        : [QuorumController id=0] Replayed PartitionRecord for new partition __consumer_offsets-48 with topic ID YUjtDynoR2W5gYLYyDOdtw and PartitionRegistration(replicas=[0], isr=[0], removingReplicas=[], addingReplicas=[], leader=0, leaderRecoveryState=RECOVERED, leaderEpoch=0, partitionEpoch=0).
2025-08-27T21:10:29.454+05:30  INFO 79466 --- [0-event-handler] o.a.k.c.ReplicationControlManager        : [QuorumController id=0] Replayed PartitionRecord for new partition __consumer_offsets-49 with topic ID YUjtDynoR2W5gYLYyDOdtw and PartitionRegistration(replicas=[0], isr=[0], removingReplicas=[], addingReplicas=[], leader=0, leaderRecoveryState=RECOVERED, leaderEpoch=0, partitionEpoch=0).
2025-08-27T21:10:29.486+05:30  INFO 79466 --- [r-event-handler] state.change.logger                      : [Broker id=0] Transitioning 50 partition(s) to local leaders.
2025-08-27T21:10:29.487+05:30  INFO 79466 --- [r-event-handler] kafka.server.ReplicaFetcherManager       : [ReplicaFetcherManager on broker 0] Removed fetcher for partitions Set(__consumer_offsets-13, __consumer_offsets-46, __consumer_offsets-9, __consumer_offsets-42, __consumer_offsets-21, __consumer_offsets-17, __consumer_offsets-30, __consumer_offsets-26, __consumer_offsets-5, __consumer_offsets-38, __consumer_offsets-1, __consumer_offsets-34, __consumer_offsets-16, __consumer_offsets-45, __consumer_offsets-12, __consumer_offsets-41, __consumer_offsets-24, __consumer_offsets-20, __consumer_offsets-49, __consumer_offsets-0, __consumer_offsets-29, __consumer_offsets-25, __consumer_offsets-8, __consumer_offsets-37, __consumer_offsets-4, __consumer_offsets-33, __consumer_offsets-15, __consumer_offsets-48, __consumer_offsets-11, __consumer_offsets-44, __consumer_offsets-23, __consumer_offsets-19, __consumer_offsets-32, __consumer_offsets-28, __consumer_offsets-7, __consumer_offsets-40, __consumer_offsets-3, __consumer_offsets-36, __consumer_offsets-47, __consumer_offsets-14, __consumer_offsets-43, __consumer_offsets-10, __consumer_offsets-22, __consumer_offsets-18, __consumer_offsets-31, __consumer_offsets-27, __consumer_offsets-39, __consumer_offsets-6, __consumer_offsets-35, __consumer_offsets-2)
2025-08-27T21:10:29.487+05:30  INFO 79466 --- [r-event-handler] state.change.logger                      : [Broker id=0] Creating new partition __consumer_offsets-13 with topic id YUjtDynoR2W5gYLYyDOdtw.
2025-08-27T21:10:29.494+05:30  INFO 79466 --- [r-event-handler] kafka.log.UnifiedLog$                    : [LogLoader partition=__consumer_offsets-13, dir=/var/folders/br/mtzz913n1n9cg4xf5vkksggc0000gp/T/kafka-2800989459635874578/broker_0_data0] Loading producer state till offset 0 with message format version 2
2025-08-27T21:10:29.495+05:30  INFO 79466 --- [r-event-handler] kafka.log.LogManager                     : Created log for partition __consumer_offsets-13 in /var/folders/br/mtzz913n1n9cg4xf5vkksggc0000gp/T/kafka-2800989459635874578/broker_0_data0/__consumer_offsets-13 with properties {cleanup.policy=compact, compression.type="producer", segment.bytes=104857600}
2025-08-27T21:10:29.495+05:30  INFO 79466 --- [r-event-handler] kafka.cluster.Partition                  : [Partition __consumer_offsets-13 broker=0] No checkpointed highwatermark is found for partition __consumer_offsets-13
2025-08-27T21:10:29.495+05:30  INFO 79466 --- [r-event-handler] kafka.cluster.Partition                  : [Partition __consumer_offsets-13 broker=0] Log loaded for partition __consumer_offsets-13 with initial high watermark 0
2025-08-27T21:10:29.495+05:30  INFO 79466 --- [r-event-handler] state.change.logger                      : [Broker id=0] Leader __consumer_offsets-13 with topic id Some(YUjtDynoR2W5gYLYyDOdtw) starts at leader epoch 0 from offset 0 with partition epoch 0, high watermark 0, ISR [0], adding replicas [] and removing replicas [] . Previous leader None and previous leader epoch was -1.
2025-08-27T21:10:29.499+05:30  INFO 79466 --- [r-event-handler] state.change.logger                      : [Broker id=0] Creating new partition __consumer_offsets-46 with topic id YUjtDynoR2W5gYLYyDOdtw.
2025-08-27T21:10:29.504+05:30  INFO 79466 --- [r-event-handler] kafka.log.UnifiedLog$                    : [LogLoader partition=__consumer_offsets-46, dir=/var/folders/br/mtzz913n1n9cg4xf5vkksggc0000gp/T/kafka-2800989459635874578/broker_0_data0] Loading producer state till offset 0 with message format version 2
2025-08-27T21:10:29.505+05:30  INFO 79466 --- [r-event-handler] kafka.log.LogManager                     : Created log for partition __consumer_offsets-46 in /var/folders/br/mtzz913n1n9cg4xf5vkksggc0000gp/T/kafka-2800989459635874578/broker_0_data0/__consumer_offsets-46 with properties {cleanup.policy=compact, compression.type="producer", segment.bytes=104857600}
2025-08-27T21:10:29.505+05:30  INFO 79466 --- [r-event-handler] kafka.cluster.Partition                  : [Partition __consumer_offsets-46 broker=0] No checkpointed highwatermark is found for partition __consumer_offsets-46
2025-08-27T21:10:29.505+05:30  INFO 79466 --- [r-event-handler] kafka.cluster.Partition                  : [Partition __consumer_offsets-46 broker=0] Log loaded for partition __consumer_offsets-46 with initial high watermark 0
2025-08-27T21:10:29.505+05:30  INFO 79466 --- [r-event-handler] state.change.logger                      : [Broker id=0] Leader __consumer_offsets-46 with topic id Some(YUjtDynoR2W5gYLYyDOdtw) starts at leader epoch 0 from offset 0 with partition epoch 0, high watermark 0, ISR [0], adding replicas [] and removing replicas [] . Previous leader None and previous leader epoch was -1.
2025-08-27T21:10:29.512+05:30  INFO 79466 --- [r-event-handler] state.change.logger                      : [Broker id=0] Creating new partition __consumer_offsets-9 with topic id YUjtDynoR2W5gYLYyDOdtw.
2025-08-27T21:10:29.515+05:30  INFO 79466 --- [r-event-handler] kafka.log.UnifiedLog$                    : [LogLoader partition=__consumer_offsets-9, dir=/var/folders/br/mtzz913n1n9cg4xf5vkksggc0000gp/T/kafka-2800989459635874578/broker_0_data0] Loading producer state till offset 0 with message format version 2
2025-08-27T21:10:29.516+05:30  INFO 79466 --- [r-event-handler] kafka.log.LogManager                     : Created log for partition __consumer_offsets-9 in /var/folders/br/mtzz913n1n9cg4xf5vkksggc0000gp/T/kafka-2800989459635874578/broker_0_data0/__consumer_offsets-9 with properties {cleanup.policy=compact, compression.type="producer", segment.bytes=104857600}
2025-08-27T21:10:29.516+05:30  INFO 79466 --- [r-event-handler] kafka.cluster.Partition                  : [Partition __consumer_offsets-9 broker=0] No checkpointed highwatermark is found for partition __consumer_offsets-9
2025-08-27T21:10:29.516+05:30  INFO 79466 --- [r-event-handler] kafka.cluster.Partition                  : [Partition __consumer_offsets-9 broker=0] Log loaded for partition __consumer_offsets-9 with initial high watermark 0
2025-08-27T21:10:29.516+05:30  INFO 79466 --- [r-event-handler] state.change.logger                      : [Broker id=0] Leader __consumer_offsets-9 with topic id Some(YUjtDynoR2W5gYLYyDOdtw) starts at leader epoch 0 from offset 0 with partition epoch 0, high watermark 0, ISR [0], adding replicas [] and removing replicas [] . Previous leader None and previous leader epoch was -1.
2025-08-27T21:10:29.519+05:30  INFO 79466 --- [r-event-handler] state.change.logger                      : [Broker id=0] Creating new partition __consumer_offsets-42 with topic id YUjtDynoR2W5gYLYyDOdtw.
2025-08-27T21:10:29.524+05:30  INFO 79466 --- [r-event-handler] kafka.log.UnifiedLog$                    : [LogLoader partition=__consumer_offsets-42, dir=/var/folders/br/mtzz913n1n9cg4xf5vkksggc0000gp/T/kafka-2800989459635874578/broker_0_data0] Loading producer state till offset 0 with message format version 2
2025-08-27T21:10:29.525+05:30  INFO 79466 --- [r-event-handler] kafka.log.LogManager                     : Created log for partition __consumer_offsets-42 in /var/folders/br/mtzz913n1n9cg4xf5vkksggc0000gp/T/kafka-2800989459635874578/broker_0_data0/__consumer_offsets-42 with properties {cleanup.policy=compact, compression.type="producer", segment.bytes=104857600}
2025-08-27T21:10:29.525+05:30  INFO 79466 --- [r-event-handler] kafka.cluster.Partition                  : [Partition __consumer_offsets-42 broker=0] No checkpointed highwatermark is found for partition __consumer_offsets-42
2025-08-27T21:10:29.525+05:30  INFO 79466 --- [r-event-handler] kafka.cluster.Partition                  : [Partition __consumer_offsets-42 broker=0] Log loaded for partition __consumer_offsets-42 with initial high watermark 0
2025-08-27T21:10:29.525+05:30  INFO 79466 --- [r-event-handler] state.change.logger                      : [Broker id=0] Leader __consumer_offsets-42 with topic id Some(YUjtDynoR2W5gYLYyDOdtw) starts at leader epoch 0 from offset 0 with partition epoch 0, high watermark 0, ISR [0], adding replicas [] and removing replicas [] . Previous leader None and previous leader epoch was -1.
2025-08-27T21:10:29.530+05:30  INFO 79466 --- [r-event-handler] state.change.logger                      : [Broker id=0] Creating new partition __consumer_offsets-21 with topic id YUjtDynoR2W5gYLYyDOdtw.
2025-08-27T21:10:29.535+05:30  INFO 79466 --- [r-event-handler] kafka.log.UnifiedLog$                    : [LogLoader partition=__consumer_offsets-21, dir=/var/folders/br/mtzz913n1n9cg4xf5vkksggc0000gp/T/kafka-2800989459635874578/broker_0_data0] Loading producer state till offset 0 with message format version 2
2025-08-27T21:10:29.535+05:30  INFO 79466 --- [r-event-handler] kafka.log.LogManager                     : Created log for partition __consumer_offsets-21 in /var/folders/br/mtzz913n1n9cg4xf5vkksggc0000gp/T/kafka-2800989459635874578/broker_0_data0/__consumer_offsets-21 with properties {cleanup.policy=compact, compression.type="producer", segment.bytes=104857600}
2025-08-27T21:10:29.535+05:30  INFO 79466 --- [r-event-handler] kafka.cluster.Partition                  : [Partition __consumer_offsets-21 broker=0] No checkpointed highwatermark is found for partition __consumer_offsets-21
2025-08-27T21:10:29.535+05:30  INFO 79466 --- [r-event-handler] kafka.cluster.Partition                  : [Partition __consumer_offsets-21 broker=0] Log loaded for partition __consumer_offsets-21 with initial high watermark 0
[...]
2025-08-27T21:10:30.004+05:30  INFO 79466 --- [adata-manager-0] k.c.group.GroupMetadataManager           : [GroupMetadataManager brokerId=0] Finished loading offsets and group metadata from __consumer_offsets-19 in 3 milliseconds for epoch 0, of which 3 milliseconds was spent in the scheduler.
2025-08-27T21:10:30.004+05:30  INFO 79466 --- [adata-manager-0] k.c.group.GroupMetadataManager           : [GroupMetadataManager brokerId=0] Finished loading offsets and group metadata from __consumer_offsets-32 in 3 milliseconds for epoch 0, of which 3 milliseconds was spent in the scheduler.
2025-08-27T21:10:30.005+05:30  INFO 79466 --- [adata-manager-0] k.c.group.GroupMetadataManager           : [GroupMetadataManager brokerId=0] Finished loading offsets and group metadata from __consumer_offsets-28 in 4 milliseconds for epoch 0, of which 3 milliseconds was spent in the scheduler.
2025-08-27T21:10:30.005+05:30  INFO 79466 --- [adata-manager-0] k.c.group.GroupMetadataManager           : [GroupMetadataManager brokerId=0] Finished loading offsets and group metadata from __consumer_offsets-7 in 4 milliseconds for epoch 0, of which 4 milliseconds was spent in the scheduler.
2025-08-27T21:10:30.005+05:30  INFO 79466 --- [adata-manager-0] k.c.group.GroupMetadataManager           : [GroupMetadataManager brokerId=0] Finished loading offsets and group metadata from __consumer_offsets-40 in 4 milliseconds for epoch 0, of which 4 milliseconds was spent in the scheduler.
2025-08-27T21:10:30.005+05:30  INFO 79466 --- [adata-manager-0] k.c.group.GroupMetadataManager           : [GroupMetadataManager brokerId=0] Finished loading offsets and group metadata from __consumer_offsets-3 in 4 milliseconds for epoch 0, of which 4 milliseconds was spent in the scheduler.
2025-08-27T21:10:30.005+05:30  INFO 79466 --- [adata-manager-0] k.c.group.GroupMetadataManager           : [GroupMetadataManager brokerId=0] Finished loading offsets and group metadata from __consumer_offsets-36 in 4 milliseconds for epoch 0, of which 4 milliseconds was spent in the scheduler.
2025-08-27T21:10:30.005+05:30  INFO 79466 --- [adata-manager-0] k.c.group.GroupMetadataManager           : [GroupMetadataManager brokerId=0] Finished loading offsets and group metadata from __consumer_offsets-47 in 4 milliseconds for epoch 0, of which 4 milliseconds was spent in the scheduler.
2025-08-27T21:10:30.005+05:30  INFO 79466 --- [adata-manager-0] k.c.group.GroupMetadataManager           : [GroupMetadataManager brokerId=0] Finished loading offsets and group metadata from __consumer_offsets-14 in 4 milliseconds for epoch 0, of which 4 milliseconds was spent in the scheduler.
2025-08-27T21:10:30.005+05:30  INFO 79466 --- [adata-manager-0] k.c.group.GroupMetadataManager           : [GroupMetadataManager brokerId=0] Finished loading offsets and group metadata from __consumer_offsets-43 in 4 milliseconds for epoch 0, of which 4 milliseconds was spent in the scheduler.
2025-08-27T21:10:30.005+05:30  INFO 79466 --- [adata-manager-0] k.c.group.GroupMetadataManager           : [GroupMetadataManager brokerId=0] Finished loading offsets and group metadata from __consumer_offsets-10 in 4 milliseconds for epoch 0, of which 4 milliseconds was spent in the scheduler.
2025-08-27T21:10:30.005+05:30  INFO 79466 --- [adata-manager-0] k.c.group.GroupMetadataManager           : [GroupMetadataManager brokerId=0] Finished loading offsets and group metadata from __consumer_offsets-22 in 4 milliseconds for epoch 0, of which 4 milliseconds was spent in the scheduler.
2025-08-27T21:10:30.005+05:30  INFO 79466 --- [adata-manager-0] k.c.group.GroupMetadataManager           : [GroupMetadataManager brokerId=0] Finished loading offsets and group metadata from __consumer_offsets-18 in 4 milliseconds for epoch 0, of which 4 milliseconds was spent in the scheduler.
2025-08-27T21:10:30.005+05:30  INFO 79466 --- [adata-manager-0] k.c.group.GroupMetadataManager           : [GroupMetadataManager brokerId=0] Finished loading offsets and group metadata from __consumer_offsets-31 in 4 milliseconds for epoch 0, of which 4 milliseconds was spent in the scheduler.
2025-08-27T21:10:30.005+05:30  INFO 79466 --- [adata-manager-0] k.c.group.GroupMetadataManager           : [GroupMetadataManager brokerId=0] Finished loading offsets and group metadata from __consumer_offsets-27 in 4 milliseconds for epoch 0, of which 4 milliseconds was spent in the scheduler.
2025-08-27T21:10:30.005+05:30  INFO 79466 --- [adata-manager-0] k.c.group.GroupMetadataManager           : [GroupMetadataManager brokerId=0] Finished loading offsets and group metadata from __consumer_offsets-39 in 4 milliseconds for epoch 0, of which 4 milliseconds was spent in the scheduler.
2025-08-27T21:10:30.005+05:30  INFO 79466 --- [adata-manager-0] k.c.group.GroupMetadataManager           : [GroupMetadataManager brokerId=0] Finished loading offsets and group metadata from __consumer_offsets-6 in 4 milliseconds for epoch 0, of which 4 milliseconds was spent in the scheduler.
2025-08-27T21:10:30.005+05:30  INFO 79466 --- [adata-manager-0] k.c.group.GroupMetadataManager           : [GroupMetadataManager brokerId=0] Finished loading offsets and group metadata from __consumer_offsets-35 in 4 milliseconds for epoch 0, of which 4 milliseconds was spent in the scheduler.
2025-08-27T21:10:30.005+05:30  INFO 79466 --- [adata-manager-0] k.c.group.GroupMetadataManager           : [GroupMetadataManager brokerId=0] Finished loading offsets and group metadata from __consumer_offsets-2 in 4 milliseconds for epoch 0, of which 4 milliseconds was spent in the scheduler.
2025-08-27T21:10:30.062+05:30  INFO 79466 --- [BeanNameSet-C-1] o.a.k.c.c.internals.ConsumerCoordinator  : [Consumer clientId=consumer-test-group-2, groupId=test-group] Discovered group coordinator localhost:63312 (id: 2147483647 rack: null)
2025-08-27T21:10:30.062+05:30  INFO 79466 --- [BeanNameSet-C-1] o.a.k.c.c.internals.ConsumerCoordinator  : [Consumer clientId=consumer-test-group-2, groupId=test-group] Request joining group due to: rebalance failed due to 'This is not the correct coordinator.' (NotCoordinatorException)
2025-08-27T21:10:30.062+05:30  INFO 79466 --- [BeanNameSet-C-1] o.a.k.c.c.internals.ConsumerCoordinator  : [Consumer clientId=consumer-test-group-2, groupId=test-group] (Re-)joining group
2025-08-27T21:10:30.066+05:30  INFO 79466 --- [quest-handler-1] k.coordinator.group.GroupCoordinator     : [GroupCoordinator 0]: Dynamic member with unknown member id joins group test-group in Empty state. Created a new member id consumer-test-group-2-b4a81af6-60e5-4437-b692-fbc961835172 and request the member to rejoin with this id.
2025-08-27T21:10:30.068+05:30  INFO 79466 --- [BeanNameSet-C-1] o.a.k.c.c.internals.ConsumerCoordinator  : [Consumer clientId=consumer-test-group-2, groupId=test-group] Request joining group due to: need to re-join with the given member-id: consumer-test-group-2-b4a81af6-60e5-4437-b692-fbc961835172
2025-08-27T21:10:30.068+05:30  INFO 79466 --- [BeanNameSet-C-1] o.a.k.c.c.internals.ConsumerCoordinator  : [Consumer clientId=consumer-test-group-2, groupId=test-group] Request joining group due to: rebalance failed due to 'The group member needs to have a valid member id before actually entering a consumer group.' (MemberIdRequiredException)
2025-08-27T21:10:30.068+05:30  INFO 79466 --- [BeanNameSet-C-1] o.a.k.c.c.internals.ConsumerCoordinator  : [Consumer clientId=consumer-test-group-2, groupId=test-group] (Re-)joining group
2025-08-27T21:10:30.070+05:30  INFO 79466 --- [quest-handler-2] k.coordinator.group.GroupCoordinator     : [GroupCoordinator 0]: Preparing to rebalance group test-group in state PreparingRebalance with old generation 0 (__consumer_offsets-12) (reason: Adding new member consumer-test-group-2-b4a81af6-60e5-4437-b692-fbc961835172 with group instance id None; client reason: rebalance failed due to MemberIdRequiredException)
2025-08-27T21:10:30.074+05:30  INFO 79466 --- [cutor-Rebalance] k.coordinator.group.GroupCoordinator     : [GroupCoordinator 0]: Stabilized group test-group generation 1 (__consumer_offsets-12) with 1 members
2025-08-27T21:10:30.074+05:30  INFO 79466 --- [BeanNameSet-C-1] o.a.k.c.c.internals.ConsumerCoordinator  : [Consumer clientId=consumer-test-group-2, groupId=test-group] Successfully joined group with generation Generation{generationId=1, memberId='consumer-test-group-2-b4a81af6-60e5-4437-b692-fbc961835172', protocol='range'}
2025-08-27T21:10:30.076+05:30  INFO 79466 --- [BeanNameSet-C-1] o.a.k.c.c.internals.ConsumerCoordinator  : [Consumer clientId=consumer-test-group-2, groupId=test-group] Finished assignment for group at generation 1: {consumer-test-group-2-b4a81af6-60e5-4437-b692-fbc961835172=Assignment(partitions=[sample-topic-0])}
2025-08-27T21:10:30.080+05:30  INFO 79466 --- [quest-handler-3] k.coordinator.group.GroupCoordinator     : [GroupCoordinator 0]: Assignment received from leader consumer-test-group-2-b4a81af6-60e5-4437-b692-fbc961835172 for group test-group for generation 1. The group has 1 members, 0 of which are static.
2025-08-27T21:10:30.085+05:30  INFO 79466 --- [BeanNameSet-C-1] o.a.k.c.c.internals.ConsumerCoordinator  : [Consumer clientId=consumer-test-group-2, groupId=test-group] Successfully synced group in generation Generation{generationId=1, memberId='consumer-test-group-2-b4a81af6-60e5-4437-b692-fbc961835172', protocol='range'}
2025-08-27T21:10:30.085+05:30  INFO 79466 --- [BeanNameSet-C-1] o.a.k.c.c.internals.ConsumerCoordinator  : [Consumer clientId=consumer-test-group-2, groupId=test-group] Notifying assignor about the new Assignment(partitions=[sample-topic-0])
2025-08-27T21:10:30.086+05:30  INFO 79466 --- [BeanNameSet-C-1] o.a.k.c.c.internals.ConsumerCoordinator  : [Consumer clientId=consumer-test-group-2, groupId=test-group] Adding newly assigned partitions: sample-topic-0
2025-08-27T21:10:30.086+05:30  INFO 79466 --- [BeanNameSet-C-1] o.s.k.l.KafkaMessageListenerContainer    : test-group: partitions assigned: [sample-topic-0]
2025-08-27T21:10:30.091+05:30  INFO 79466 --- [BeanNameSet-C-1] o.a.k.c.c.internals.ConsumerCoordinator  : [Consumer clientId=consumer-test-group-2, groupId=test-group] Found no committed offset for partition sample-topic-0
2025-08-27T21:10:30.094+05:30  INFO 79466 --- [ntainer#0-0-C-1] o.a.k.c.c.internals.ConsumerCoordinator  : [Consumer clientId=consumer-sample-group-1, groupId=sample-group] Discovered group coordinator localhost:63312 (id: 2147483647 rack: null)
2025-08-27T21:10:30.094+05:30  INFO 79466 --- [ntainer#0-0-C-1] o.a.k.c.c.internals.ConsumerCoordinator  : [Consumer clientId=consumer-sample-group-1, groupId=sample-group] Request joining group due to: rebalance failed due to 'This is not the correct coordinator.' (NotCoordinatorException)
2025-08-27T21:10:30.094+05:30  INFO 79466 --- [ntainer#0-0-C-1] o.a.k.c.c.internals.ConsumerCoordinator  : [Consumer clientId=consumer-sample-group-1, groupId=sample-group] (Re-)joining group
2025-08-27T21:10:30.094+05:30  INFO 79466 --- [BeanNameSet-C-1] o.a.k.c.c.internals.SubscriptionState    : [Consumer clientId=consumer-test-group-2, groupId=test-group] Resetting offset for partition sample-topic-0 to position FetchPosition{offset=0, offsetEpoch=Optional.empty, currentLeader=LeaderAndEpoch{leader=Optional[localhost:63312 (id: 0 rack: null)], epoch=0}}.
2025-08-27T21:10:30.096+05:30  INFO 79466 --- [quest-handler-0] k.coordinator.group.GroupCoordinator     : [GroupCoordinator 0]: Dynamic member with unknown member id joins group sample-group in Empty state. Created a new member id consumer-sample-group-1-67540df5-b59f-491b-a542-81648b3ac06b and request the member to rejoin with this id.
2025-08-27T21:10:30.096+05:30  INFO 79466 --- [ntainer#0-0-C-1] o.a.k.c.c.internals.ConsumerCoordinator  : [Consumer clientId=consumer-sample-group-1, groupId=sample-group] Request joining group due to: need to re-join with the given member-id: consumer-sample-group-1-67540df5-b59f-491b-a542-81648b3ac06b
2025-08-27T21:10:30.096+05:30  INFO 79466 --- [ntainer#0-0-C-1] o.a.k.c.c.internals.ConsumerCoordinator  : [Consumer clientId=consumer-sample-group-1, groupId=sample-group] Request joining group due to: rebalance failed due to 'The group member needs to have a valid member id before actually entering a consumer group.' (MemberIdRequiredException)
2025-08-27T21:10:30.096+05:30  INFO 79466 --- [ntainer#0-0-C-1] o.a.k.c.c.internals.ConsumerCoordinator  : [Consumer clientId=consumer-sample-group-1, groupId=sample-group] (Re-)joining group
2025-08-27T21:10:30.097+05:30  INFO 79466 --- [quest-handler-1] k.coordinator.group.GroupCoordinator     : [GroupCoordinator 0]: Preparing to rebalance group sample-group in state PreparingRebalance with old generation 0 (__consumer_offsets-32) (reason: Adding new member consumer-sample-group-1-67540df5-b59f-491b-a542-81648b3ac06b with group instance id None; client reason: rebalance failed due to MemberIdRequiredException)
2025-08-27T21:10:30.097+05:30  INFO 79466 --- [cutor-Rebalance] k.coordinator.group.GroupCoordinator     : [GroupCoordinator 0]: Stabilized group sample-group generation 1 (__consumer_offsets-32) with 1 members
2025-08-27T21:10:30.097+05:30  INFO 79466 --- [ntainer#0-0-C-1] o.a.k.c.c.internals.ConsumerCoordinator  : [Consumer clientId=consumer-sample-group-1, groupId=sample-group] Successfully joined group with generation Generation{generationId=1, memberId='consumer-sample-group-1-67540df5-b59f-491b-a542-81648b3ac06b', protocol='range'}
2025-08-27T21:10:30.097+05:30  INFO 79466 --- [ntainer#0-0-C-1] o.a.k.c.c.internals.ConsumerCoordinator  : [Consumer clientId=consumer-sample-group-1, groupId=sample-group] Finished assignment for group at generation 1: {consumer-sample-group-1-67540df5-b59f-491b-a542-81648b3ac06b=Assignment(partitions=[sample-topic-0])}
2025-08-27T21:10:30.098+05:30  INFO 79466 --- [quest-handler-4] k.coordinator.group.GroupCoordinator     : [GroupCoordinator 0]: Assignment received from leader consumer-sample-group-1-67540df5-b59f-491b-a542-81648b3ac06b for group sample-group for generation 1. The group has 1 members, 0 of which are static.
2025-08-27T21:10:30.099+05:30  INFO 79466 --- [ntainer#0-0-C-1] o.a.k.c.c.internals.ConsumerCoordinator  : [Consumer clientId=consumer-sample-group-1, groupId=sample-group] Successfully synced group in generation Generation{generationId=1, memberId='consumer-sample-group-1-67540df5-b59f-491b-a542-81648b3ac06b', protocol='range'}
2025-08-27T21:10:30.100+05:30  INFO 79466 --- [ntainer#0-0-C-1] o.a.k.c.c.internals.ConsumerCoordinator  : [Consumer clientId=consumer-sample-group-1, groupId=sample-group] Notifying assignor about the new Assignment(partitions=[sample-topic-0])
2025-08-27T21:10:30.100+05:30  INFO 79466 --- [ntainer#0-0-C-1] o.a.k.c.c.internals.ConsumerCoordinator  : [Consumer clientId=consumer-sample-group-1, groupId=sample-group] Adding newly assigned partitions: sample-topic-0
2025-08-27T21:10:30.101+05:30  INFO 79466 --- [ntainer#0-0-C-1] o.a.k.c.c.internals.ConsumerCoordinator  : [Consumer clientId=consumer-sample-group-1, groupId=sample-group] Found no committed offset for partition sample-topic-0
2025-08-27T21:10:30.102+05:30  INFO 79466 --- [ntainer#0-0-C-1] o.a.k.c.c.internals.ConsumerCoordinator  : [Consumer clientId=consumer-sample-group-1, groupId=sample-group] Found no committed offset for partition sample-topic-0
2025-08-27T21:10:30.104+05:30  INFO 79466 --- [ntainer#0-0-C-1] o.a.k.c.c.internals.SubscriptionState    : [Consumer clientId=consumer-sample-group-1, groupId=sample-group] Resetting offset for partition sample-topic-0 to position FetchPosition{offset=1, offsetEpoch=Optional.empty, currentLeader=LeaderAndEpoch{leader=Optional[localhost:63312 (id: 0 rack: null)], epoch=0}}.
2025-08-27T21:10:30.106+05:30  INFO 79466 --- [ntainer#0-0-C-1] o.s.k.l.KafkaMessageListenerContainer    : sample-group: partitions assigned: [sample-topic-0]
2025-08-27T21:10:30.117+05:30  INFO 79466 --- [BeanNameSet-C-1] o.a.k.c.c.internals.ConsumerCoordinator  : [Consumer clientId=consumer-test-group-2, groupId=test-group] Revoke previously assigned partitions sample-topic-0
2025-08-27T21:10:30.117+05:30  INFO 79466 --- [BeanNameSet-C-1] o.s.k.l.KafkaMessageListenerContainer    : test-group: partitions revoked: [sample-topic-0]
2025-08-27T21:10:30.117+05:30  INFO 79466 --- [BeanNameSet-C-1] o.a.k.c.c.internals.ConsumerCoordinator  : [Consumer clientId=consumer-test-group-2, groupId=test-group] Member consumer-test-group-2-b4a81af6-60e5-4437-b692-fbc961835172 sending LeaveGroup request to coordinator localhost:63312 (id: 2147483647 rack: null) due to the consumer unsubscribed from all topics
2025-08-27T21:10:30.117+05:30  INFO 79466 --- [BeanNameSet-C-1] o.a.k.c.c.internals.ConsumerCoordinator  : [Consumer clientId=consumer-test-group-2, groupId=test-group] Resetting generation and member id due to: consumer pro-actively leaving the group
2025-08-27T21:10:30.117+05:30  INFO 79466 --- [BeanNameSet-C-1] o.a.k.c.c.internals.ConsumerCoordinator  : [Consumer clientId=consumer-test-group-2, groupId=test-group] Request joining group due to: consumer pro-actively leaving the group
2025-08-27T21:10:30.117+05:30  INFO 79466 --- [BeanNameSet-C-1] fkaConsumerFactory$ExtendedKafkaConsumer : [Consumer clientId=consumer-test-group-2, groupId=test-group] Unsubscribed all topics or patterns and assigned partitions
2025-08-27T21:10:30.117+05:30  INFO 79466 --- [BeanNameSet-C-1] o.a.k.c.c.internals.ConsumerCoordinator  : [Consumer clientId=consumer-test-group-2, groupId=test-group] Resetting generation and member id due to: consumer pro-actively leaving the group
2025-08-27T21:10:30.117+05:30  INFO 79466 --- [BeanNameSet-C-1] o.a.k.c.c.internals.ConsumerCoordinator  : [Consumer clientId=consumer-test-group-2, groupId=test-group] Request joining group due to: consumer pro-actively leaving the group
2025-08-27T21:10:30.118+05:30  INFO 79466 --- [quest-handler-6] k.coordinator.group.GroupCoordinator     : [GroupCoordinator 0]: Preparing to rebalance group test-group in state PreparingRebalance with old generation 1 (__consumer_offsets-12) (reason: Removing member consumer-test-group-2-b4a81af6-60e5-4437-b692-fbc961835172 on LeaveGroup; client reason: the consumer unsubscribed from all topics)
2025-08-27T21:10:30.118+05:30  INFO 79466 --- [quest-handler-6] k.coordinator.group.GroupCoordinator     : [GroupCoordinator 0]: Group test-group with generation 2 is now empty (__consumer_offsets-12)
2025-08-27T21:10:30.119+05:30  INFO 79466 --- [quest-handler-6] k.coordinator.group.GroupCoordinator     : [GroupCoordinator 0]: Member MemberMetadata(memberId=consumer-test-group-2-b4a81af6-60e5-4437-b692-fbc961835172, groupInstanceId=None, clientId=consumer-test-group-2, clientHost=/127.0.0.1, sessionTimeoutMs=60000, rebalanceTimeoutMs=300000, supportedProtocols=List(range, cooperative-sticky)) has left group test-group through explicit `LeaveGroup`; client reason: the consumer unsubscribed from all topics
2025-08-27T21:10:30.622+05:30  INFO 79466 --- [BeanNameSet-C-1] o.apache.kafka.common.metrics.Metrics    : Metrics scheduler closed
2025-08-27T21:10:30.622+05:30  INFO 79466 --- [BeanNameSet-C-1] o.apache.kafka.common.metrics.Metrics    : Closing reporter org.apache.kafka.common.metrics.JmxReporter
2025-08-27T21:10:30.622+05:30  INFO 79466 --- [BeanNameSet-C-1] o.apache.kafka.common.metrics.Metrics    : Metrics reporters closed
2025-08-27T21:10:30.623+05:30  INFO 79466 --- [BeanNameSet-C-1] o.a.kafka.common.utils.AppInfoParser     : App info kafka.consumer for consumer-test-group-2 unregistered
2025-08-27T21:10:30.624+05:30  INFO 79466 --- [BeanNameSet-C-1] o.s.k.l.KafkaMessageListenerContainer    : test-group: Consumer stopped
]]></system-out>
  </testcase>
</testsuite>